<?xml version="1.0" encoding="UTF-8"?>
<testsuite name="Tests" tests="1" skipped="0" failures="0" errors="0" timestamp="2020-04-07T22:42:57" hostname="KubuChan" time="34.133">
  <properties/>
  <testcase name="justWork" classname="Tests" time="34.133"/>
  <system-out><![CDATA[Starting...
Enable: C {thread=KML-Test-1 @coroutine#78}
Enable: G {thread=KML-Test-4 @coroutine#82}
Enable: I1 {thread=KML-Test-3 @coroutine#83}
Enable: E {thread=KML-Test-2 @coroutine#80}
Enable: I3 {thread=KML-Test-4 @coroutine#85}
Enable: I4 {thread=KML-Test-3 @coroutine#86}
Enable: I2 {thread=KML-Test-1 @coroutine#84}
Enable: I5 {thread=KML-Test-2 @coroutine#87}
Enable: I6 {thread=KML-Test-3 @coroutine#88}
Enable: I7 {thread=KML-Test-2 @coroutine#89}
Enable: I9 {thread=KML-Test-4 @coroutine#91}
Enable: I8 {thread=KML-Test-1 @coroutine#90}
Enable: I10 {thread=KML-Test-3 @coroutine#92}
Enable: I11 {thread=KML-Test-2 @coroutine#93}
Enable: I13 {thread=KML-Test-4 @coroutine#95}
Enable: I12 {thread=KML-Test-1 @coroutine#94}
Enable: I14 {thread=KML-Test-3 @coroutine#96}
Enable: I15 {thread=KML-Test-2 @coroutine#97}
Enable: I16 {thread=KML-Test-1 @coroutine#98}
Enable: I17 {thread=KML-Test-4 @coroutine#99}
Enable: I18 {thread=KML-Test-3 @coroutine#100}
Enable: I19 {thread=KML-Test-2 @coroutine#101}
Enable: I21 {thread=KML-Test-4 @coroutine#103}
Enable: I20 {thread=KML-Test-1 @coroutine#102}
Enable: I22 {thread=KML-Test-3 @coroutine#104}
Enable: I23 {thread=KML-Test-2 @coroutine#105}
Enable: I24 {thread=KML-Test-4 @coroutine#106}
Enable: I25 {thread=KML-Test-1 @coroutine#107}
Enable: I26 {thread=KML-Test-3 @coroutine#108}
Enable: I27 {thread=KML-Test-2 @coroutine#109}
Enable: I28 {thread=KML-Test-4 @coroutine#110}
Enable: I29 {thread=KML-Test-1 @coroutine#111}
Enable: I30 {thread=KML-Test-3 @coroutine#112}
Enable: F {thread=KML-Test-2 @coroutine#81}
Enable: A {thread=KML-Test-4 @coroutine#76}
Enable: B {thread=KML-Test-2 @coroutine#77}
Enable: D {thread=KML-Test-4 @coroutine#79}
Disable: C {thread=KML-Test-3 @coroutine#115}
Disable: E {thread=KML-Test-2 @coroutine#117}
Disable: I29 {thread=KML-Test-1 @coroutine#162}
Disable: I28 {thread=KML-Test-4 @coroutine#161}
Disable: I30 {thread=KML-Test-2 @coroutine#164}
Disable: D {thread=KML-Test-3 @coroutine#116}
Disable: I2 {thread=KML-Test-4 @coroutine#121}
Disable: I1 {thread=KML-Test-1 @coroutine#120}
Disable: I6 {thread=KML-Test-3 @coroutine#125}
Disable: I7 {thread=KML-Test-2 @coroutine#126}
Disable: I4 {thread=KML-Test-4 @coroutine#123}
Disable: I3 {thread=KML-Test-1 @coroutine#122}
Disable: I5 {thread=KML-Test-3 @coroutine#124}
Disable: B {thread=KML-Test-2 @coroutine#114}
Disable: I9 {thread=KML-Test-1 @coroutine#135}
Disable: I8 {thread=KML-Test-4 @coroutine#133}
Disable: I10 {thread=KML-Test-3 @coroutine#136}
Disable: I12 {thread=KML-Test-2 @coroutine#139}
Disable: I11 {thread=KML-Test-4 @coroutine#138}
Disable: A {thread=KML-Test-1 @coroutine#113}
Disable: I14 {thread=KML-Test-3 @coroutine#142}
Disable: I15 {thread=KML-Test-2 @coroutine#143}
Disable: I16 {thread=KML-Test-4 @coroutine#145}
Disable: I17 {thread=KML-Test-1 @coroutine#146}
Disable: I13 {thread=KML-Test-3 @coroutine#141}
Disable: I19 {thread=KML-Test-2 @coroutine#149}
Disable: I20 {thread=KML-Test-4 @coroutine#150}
Disable: I18 {thread=KML-Test-1 @coroutine#148}
Disable: I21 {thread=KML-Test-3 @coroutine#151}
Disable: I22 {thread=KML-Test-2 @coroutine#153}
Disable: I24 {thread=KML-Test-4 @coroutine#155}
Disable: I25 {thread=KML-Test-1 @coroutine#156}
Disable: I23 {thread=KML-Test-3 @coroutine#154}
Disable: I26 {thread=KML-Test-2 @coroutine#158}
Disable: I27 {thread=KML-Test-4 @coroutine#159}
Disable: F {thread=KML-Test-1 @coroutine#118}
Disable: G {thread=KML-Test-3 @coroutine#119}
]]></system-out>
  <system-err><![CDATA[[KML-Test-1 @coroutine#1] DEBUG de.phyrone.kml.moduleloader.DefaultModuleManager - Loaded modulestates: enabled,disabled,first,failed
[KML-Test-1 @coroutine#1] DEBUG de.phyrone.kml.moduleloader.DefaultModuleManager - Start reloading depedencies...
[KML-Test-3 @coroutine#39] DEBUG de.phyrone.kml.moduleloader.DefaultModuleManager - Module A: add dependency F
[KML-Test-3 @coroutine#44] DEBUG de.phyrone.kml.moduleloader.DefaultModuleManager - Module F: add dependency G
[KML-Test-2 @coroutine#42] DEBUG de.phyrone.kml.moduleloader.DefaultModuleManager - Module D: add dependency B
[KML-Test-4 @coroutine#40] DEBUG de.phyrone.kml.moduleloader.DefaultModuleManager - Module B: add dependency A
[KML-Test-3 @coroutine#1] DEBUG de.phyrone.kml.moduleloader.DefaultModuleManager - Dependencies reloaded...
[KML-Test-2 @coroutine#76] DEBUG de.phyrone.kml.moduleloader.DefaultModuleManager - Find path: first -> enabled
[KML-Test-3 @coroutine#77] DEBUG de.phyrone.kml.moduleloader.DefaultModuleManager - Find path: first -> enabled
[KML-Test-4 @coroutine#79] DEBUG de.phyrone.kml.moduleloader.DefaultModuleManager - Find path: first -> enabled
[KML-Test-1 @coroutine#78] DEBUG de.phyrone.kml.moduleloader.DefaultModuleManager - Find path: first -> enabled
[KML-Test-2 @coroutine#76] DEBUG de.phyrone.kml.moduleloader.DefaultModuleManager - Path found: first -> enabled
[KML-Test-1 @coroutine#78] DEBUG de.phyrone.kml.moduleloader.DefaultModuleManager - Path found: first -> enabled
[KML-Test-3 @coroutine#77] DEBUG de.phyrone.kml.moduleloader.DefaultModuleManager - Path found: first -> enabled
[KML-Test-4 @coroutine#79] DEBUG de.phyrone.kml.moduleloader.DefaultModuleManager - Path found: first -> enabled
[KML-Test-2 @coroutine#76] DEBUG de.phyrone.kml.moduleloader.DefaultModuleManager - Module A: await F reached state enabled
[KML-Test-2 @coroutine#76] DEBUG de.phyrone.kml.moduleloader.DefaultModuleManager - Reached result of first to enabled: false
[KML-Test-3 @coroutine#77] DEBUG de.phyrone.kml.moduleloader.DefaultModuleManager - Module B: await A reached state enabled
[KML-Test-4 @coroutine#79] DEBUG de.phyrone.kml.moduleloader.DefaultModuleManager - Module D: await B reached state enabled
[KML-Test-4 @coroutine#79] DEBUG de.phyrone.kml.moduleloader.DefaultModuleManager - Reached result of first to enabled: false
[KML-Test-4 @coroutine#81] DEBUG de.phyrone.kml.moduleloader.DefaultModuleManager - Module F: await G reached state enabled
[KML-Test-4 @coroutine#81] DEBUG de.phyrone.kml.moduleloader.DefaultModuleManager - Reached result of first to enabled: false
[KML-Test-3 @coroutine#77] DEBUG de.phyrone.kml.moduleloader.DefaultModuleManager - Reached result of first to enabled: false
[KML-Test-1 @coroutine#78] DEBUG de.phyrone.kml.moduleloader.DefaultModuleManager - Module C: change state to TestEnabledState@1e9e54b
[KML-Test-4 @coroutine#82] DEBUG de.phyrone.kml.moduleloader.DefaultModuleManager - Module G: change state to TestEnabledState@1e9e54b
[KML-Test-3 @coroutine#83] DEBUG de.phyrone.kml.moduleloader.DefaultModuleManager - Module I1: change state to TestEnabledState@1e9e54b
[KML-Test-2 @coroutine#80] DEBUG de.phyrone.kml.moduleloader.DefaultModuleManager - Module E: change state to TestEnabledState@1e9e54b
[KML-Test-3 @coroutine#86] DEBUG de.phyrone.kml.moduleloader.DefaultModuleManager - Module I4: change state to TestEnabledState@1e9e54b
[KML-Test-1 @coroutine#84] DEBUG de.phyrone.kml.moduleloader.DefaultModuleManager - Module I2: change state to TestEnabledState@1e9e54b
[KML-Test-2 @coroutine#87] DEBUG de.phyrone.kml.moduleloader.DefaultModuleManager - Module I5: change state to TestEnabledState@1e9e54b
[KML-Test-4 @coroutine#85] DEBUG de.phyrone.kml.moduleloader.DefaultModuleManager - Module I3: change state to TestEnabledState@1e9e54b
[KML-Test-3 @coroutine#88] DEBUG de.phyrone.kml.moduleloader.DefaultModuleManager - Module I6: change state to TestEnabledState@1e9e54b
[KML-Test-2 @coroutine#89] DEBUG de.phyrone.kml.moduleloader.DefaultModuleManager - Module I7: change state to TestEnabledState@1e9e54b
[KML-Test-4 @coroutine#91] DEBUG de.phyrone.kml.moduleloader.DefaultModuleManager - Module I9: change state to TestEnabledState@1e9e54b
[KML-Test-1 @coroutine#90] DEBUG de.phyrone.kml.moduleloader.DefaultModuleManager - Module I8: change state to TestEnabledState@1e9e54b
[KML-Test-3 @coroutine#92] DEBUG de.phyrone.kml.moduleloader.DefaultModuleManager - Module I10: change state to TestEnabledState@1e9e54b
[KML-Test-2 @coroutine#93] DEBUG de.phyrone.kml.moduleloader.DefaultModuleManager - Module I11: change state to TestEnabledState@1e9e54b
[KML-Test-1 @coroutine#94] DEBUG de.phyrone.kml.moduleloader.DefaultModuleManager - Module I12: change state to TestEnabledState@1e9e54b
[KML-Test-4 @coroutine#95] DEBUG de.phyrone.kml.moduleloader.DefaultModuleManager - Module I13: change state to TestEnabledState@1e9e54b
[KML-Test-3 @coroutine#96] DEBUG de.phyrone.kml.moduleloader.DefaultModuleManager - Module I14: change state to TestEnabledState@1e9e54b
[KML-Test-2 @coroutine#97] DEBUG de.phyrone.kml.moduleloader.DefaultModuleManager - Module I15: change state to TestEnabledState@1e9e54b
[KML-Test-1 @coroutine#98] DEBUG de.phyrone.kml.moduleloader.DefaultModuleManager - Module I16: change state to TestEnabledState@1e9e54b
[KML-Test-4 @coroutine#99] DEBUG de.phyrone.kml.moduleloader.DefaultModuleManager - Module I17: change state to TestEnabledState@1e9e54b
[KML-Test-3 @coroutine#100] DEBUG de.phyrone.kml.moduleloader.DefaultModuleManager - Module I18: change state to TestEnabledState@1e9e54b
[KML-Test-2 @coroutine#101] DEBUG de.phyrone.kml.moduleloader.DefaultModuleManager - Module I19: change state to TestEnabledState@1e9e54b
[KML-Test-4 @coroutine#103] DEBUG de.phyrone.kml.moduleloader.DefaultModuleManager - Module I21: change state to TestEnabledState@1e9e54b
[KML-Test-1 @coroutine#102] DEBUG de.phyrone.kml.moduleloader.DefaultModuleManager - Module I20: change state to TestEnabledState@1e9e54b
[KML-Test-3 @coroutine#104] DEBUG de.phyrone.kml.moduleloader.DefaultModuleManager - Module I22: change state to TestEnabledState@1e9e54b
[KML-Test-2 @coroutine#105] DEBUG de.phyrone.kml.moduleloader.DefaultModuleManager - Module I23: change state to TestEnabledState@1e9e54b
[KML-Test-4 @coroutine#106] DEBUG de.phyrone.kml.moduleloader.DefaultModuleManager - Module I24: change state to TestEnabledState@1e9e54b
[KML-Test-1 @coroutine#107] DEBUG de.phyrone.kml.moduleloader.DefaultModuleManager - Module I25: change state to TestEnabledState@1e9e54b
[KML-Test-3 @coroutine#108] DEBUG de.phyrone.kml.moduleloader.DefaultModuleManager - Module I26: change state to TestEnabledState@1e9e54b
[KML-Test-2 @coroutine#109] DEBUG de.phyrone.kml.moduleloader.DefaultModuleManager - Module I27: change state to TestEnabledState@1e9e54b
[KML-Test-2 @coroutine#76] DEBUG de.phyrone.kml.moduleloader.DefaultModuleManager - Reached result of first to enabled: false
[KML-Test-2 @coroutine#79] DEBUG de.phyrone.kml.moduleloader.DefaultModuleManager - Reached result of first to enabled: false
[KML-Test-2 @coroutine#81] DEBUG de.phyrone.kml.moduleloader.DefaultModuleManager - Reached result of enabled to enabled: true
[KML-Test-4 @coroutine#110] DEBUG de.phyrone.kml.moduleloader.DefaultModuleManager - Module I28: change state to TestEnabledState@1e9e54b
[KML-Test-4 @coroutine#77] DEBUG de.phyrone.kml.moduleloader.DefaultModuleManager - Reached result of first to enabled: false
[KML-Test-1 @coroutine#111] DEBUG de.phyrone.kml.moduleloader.DefaultModuleManager - Module I29: change state to TestEnabledState@1e9e54b
[KML-Test-4 @coroutine#76] DEBUG de.phyrone.kml.moduleloader.DefaultModuleManager - Reached result of first to enabled: false
[KML-Test-1 @coroutine#79] DEBUG de.phyrone.kml.moduleloader.DefaultModuleManager - Reached result of first to enabled: false
[KML-Test-4 @coroutine#77] DEBUG de.phyrone.kml.moduleloader.DefaultModuleManager - Reached result of first to enabled: false
[KML-Test-1 @coroutine#76] DEBUG de.phyrone.kml.moduleloader.DefaultModuleManager - Reached result of first to enabled: false
[KML-Test-4 @coroutine#79] DEBUG de.phyrone.kml.moduleloader.DefaultModuleManager - Reached result of first to enabled: false
[KML-Test-1 @coroutine#77] DEBUG de.phyrone.kml.moduleloader.DefaultModuleManager - Reached result of first to enabled: false
[KML-Test-4 @coroutine#76] DEBUG de.phyrone.kml.moduleloader.DefaultModuleManager - Reached result of first to enabled: false
[KML-Test-4 @coroutine#79] DEBUG de.phyrone.kml.moduleloader.DefaultModuleManager - Reached result of first to enabled: false
[KML-Test-4 @coroutine#77] DEBUG de.phyrone.kml.moduleloader.DefaultModuleManager - Reached result of first to enabled: false
[KML-Test-4 @coroutine#76] DEBUG de.phyrone.kml.moduleloader.DefaultModuleManager - Reached result of first to enabled: false
[KML-Test-1 @coroutine#79] DEBUG de.phyrone.kml.moduleloader.DefaultModuleManager - Reached result of first to enabled: false
[KML-Test-4 @coroutine#77] DEBUG de.phyrone.kml.moduleloader.DefaultModuleManager - Reached result of first to enabled: false
[KML-Test-4 @coroutine#76] DEBUG de.phyrone.kml.moduleloader.DefaultModuleManager - Reached result of first to enabled: false
[KML-Test-4 @coroutine#77] DEBUG de.phyrone.kml.moduleloader.DefaultModuleManager - Reached result of first to enabled: false
[KML-Test-4 @coroutine#79] DEBUG de.phyrone.kml.moduleloader.DefaultModuleManager - Reached result of first to enabled: false
[KML-Test-4 @coroutine#76] DEBUG de.phyrone.kml.moduleloader.DefaultModuleManager - Reached result of first to enabled: false
[KML-Test-1 @coroutine#77] DEBUG de.phyrone.kml.moduleloader.DefaultModuleManager - Reached result of first to enabled: false
[KML-Test-4 @coroutine#79] DEBUG de.phyrone.kml.moduleloader.DefaultModuleManager - Reached result of first to enabled: false
[KML-Test-1 @coroutine#76] DEBUG de.phyrone.kml.moduleloader.DefaultModuleManager - Reached result of first to enabled: false
[KML-Test-4 @coroutine#77] DEBUG de.phyrone.kml.moduleloader.DefaultModuleManager - Reached result of first to enabled: false
[KML-Test-4 @coroutine#79] DEBUG de.phyrone.kml.moduleloader.DefaultModuleManager - Reached result of first to enabled: false
[KML-Test-1 @coroutine#76] DEBUG de.phyrone.kml.moduleloader.DefaultModuleManager - Reached result of first to enabled: false
[KML-Test-4 @coroutine#77] DEBUG de.phyrone.kml.moduleloader.DefaultModuleManager - Reached result of first to enabled: false
[KML-Test-1 @coroutine#79] DEBUG de.phyrone.kml.moduleloader.DefaultModuleManager - Reached result of first to enabled: false
[KML-Test-4 @coroutine#76] DEBUG de.phyrone.kml.moduleloader.DefaultModuleManager - Reached result of first to enabled: false
[KML-Test-1 @coroutine#77] DEBUG de.phyrone.kml.moduleloader.DefaultModuleManager - Reached result of first to enabled: false
[KML-Test-1 @coroutine#79] DEBUG de.phyrone.kml.moduleloader.DefaultModuleManager - Reached result of first to enabled: false
[KML-Test-4 @coroutine#76] DEBUG de.phyrone.kml.moduleloader.DefaultModuleManager - Reached result of first to enabled: false
[KML-Test-4 @coroutine#77] DEBUG de.phyrone.kml.moduleloader.DefaultModuleManager - Reached result of first to enabled: false
[KML-Test-4 @coroutine#79] DEBUG de.phyrone.kml.moduleloader.DefaultModuleManager - Reached result of first to enabled: false
[KML-Test-1 @coroutine#76] DEBUG de.phyrone.kml.moduleloader.DefaultModuleManager - Reached result of first to enabled: false
[KML-Test-4 @coroutine#77] DEBUG de.phyrone.kml.moduleloader.DefaultModuleManager - Reached result of first to enabled: false
[KML-Test-1 @coroutine#79] DEBUG de.phyrone.kml.moduleloader.DefaultModuleManager - Reached result of first to enabled: false
[KML-Test-1 @coroutine#76] DEBUG de.phyrone.kml.moduleloader.DefaultModuleManager - Reached result of first to enabled: false
[KML-Test-4 @coroutine#79] DEBUG de.phyrone.kml.moduleloader.DefaultModuleManager - Reached result of first to enabled: false
[KML-Test-1 @coroutine#77] DEBUG de.phyrone.kml.moduleloader.DefaultModuleManager - Reached result of first to enabled: false
[KML-Test-1 @coroutine#76] DEBUG de.phyrone.kml.moduleloader.DefaultModuleManager - Reached result of first to enabled: false
[KML-Test-4 @coroutine#79] DEBUG de.phyrone.kml.moduleloader.DefaultModuleManager - Reached result of first to enabled: false
[KML-Test-1 @coroutine#77] DEBUG de.phyrone.kml.moduleloader.DefaultModuleManager - Reached result of first to enabled: false
[KML-Test-4 @coroutine#76] DEBUG de.phyrone.kml.moduleloader.DefaultModuleManager - Reached result of first to enabled: false
[KML-Test-1 @coroutine#79] DEBUG de.phyrone.kml.moduleloader.DefaultModuleManager - Reached result of first to enabled: false
[KML-Test-4 @coroutine#77] DEBUG de.phyrone.kml.moduleloader.DefaultModuleManager - Reached result of first to enabled: false
[KML-Test-4 @coroutine#76] DEBUG de.phyrone.kml.moduleloader.DefaultModuleManager - Reached result of first to enabled: false
[KML-Test-4 @coroutine#79] DEBUG de.phyrone.kml.moduleloader.DefaultModuleManager - Reached result of first to enabled: false
[KML-Test-1 @coroutine#77] DEBUG de.phyrone.kml.moduleloader.DefaultModuleManager - Reached result of first to enabled: false
[KML-Test-4 @coroutine#76] DEBUG de.phyrone.kml.moduleloader.DefaultModuleManager - Reached result of first to enabled: false
[KML-Test-1 @coroutine#79] DEBUG de.phyrone.kml.moduleloader.DefaultModuleManager - Reached result of first to enabled: false
[KML-Test-4 @coroutine#77] DEBUG de.phyrone.kml.moduleloader.DefaultModuleManager - Reached result of first to enabled: false
[KML-Test-4 @coroutine#76] DEBUG de.phyrone.kml.moduleloader.DefaultModuleManager - Reached result of first to enabled: false
[KML-Test-4 @coroutine#79] DEBUG de.phyrone.kml.moduleloader.DefaultModuleManager - Reached result of first to enabled: false
[KML-Test-1 @coroutine#77] DEBUG de.phyrone.kml.moduleloader.DefaultModuleManager - Reached result of first to enabled: false
[KML-Test-4 @coroutine#76] DEBUG de.phyrone.kml.moduleloader.DefaultModuleManager - Reached result of first to enabled: false
[KML-Test-1 @coroutine#79] DEBUG de.phyrone.kml.moduleloader.DefaultModuleManager - Reached result of first to enabled: false
[KML-Test-4 @coroutine#77] DEBUG de.phyrone.kml.moduleloader.DefaultModuleManager - Reached result of first to enabled: false
[KML-Test-1 @coroutine#76] DEBUG de.phyrone.kml.moduleloader.DefaultModuleManager - Reached result of first to enabled: false
[KML-Test-4 @coroutine#79] DEBUG de.phyrone.kml.moduleloader.DefaultModuleManager - Reached result of first to enabled: false
[KML-Test-1 @coroutine#77] DEBUG de.phyrone.kml.moduleloader.DefaultModuleManager - Reached result of first to enabled: false
[KML-Test-4 @coroutine#76] DEBUG de.phyrone.kml.moduleloader.DefaultModuleManager - Reached result of first to enabled: false
[KML-Test-4 @coroutine#79] DEBUG de.phyrone.kml.moduleloader.DefaultModuleManager - Reached result of first to enabled: false
[KML-Test-4 @coroutine#77] DEBUG de.phyrone.kml.moduleloader.DefaultModuleManager - Reached result of first to enabled: false
[KML-Test-4 @coroutine#76] DEBUG de.phyrone.kml.moduleloader.DefaultModuleManager - Reached result of first to enabled: false
[KML-Test-4 @coroutine#79] DEBUG de.phyrone.kml.moduleloader.DefaultModuleManager - Reached result of first to enabled: false
[KML-Test-1 @coroutine#77] DEBUG de.phyrone.kml.moduleloader.DefaultModuleManager - Reached result of first to enabled: false
[KML-Test-4 @coroutine#76] DEBUG de.phyrone.kml.moduleloader.DefaultModuleManager - Reached result of first to enabled: false
[KML-Test-1 @coroutine#79] DEBUG de.phyrone.kml.moduleloader.DefaultModuleManager - Reached result of first to enabled: false
[KML-Test-1 @coroutine#77] DEBUG de.phyrone.kml.moduleloader.DefaultModuleManager - Reached result of first to enabled: false
[KML-Test-4 @coroutine#76] DEBUG de.phyrone.kml.moduleloader.DefaultModuleManager - Reached result of first to enabled: false
[KML-Test-1 @coroutine#79] DEBUG de.phyrone.kml.moduleloader.DefaultModuleManager - Reached result of first to enabled: false
[KML-Test-4 @coroutine#77] DEBUG de.phyrone.kml.moduleloader.DefaultModuleManager - Reached result of first to enabled: false
[KML-Test-1 @coroutine#76] DEBUG de.phyrone.kml.moduleloader.DefaultModuleManager - Reached result of first to enabled: false
[KML-Test-4 @coroutine#79] DEBUG de.phyrone.kml.moduleloader.DefaultModuleManager - Reached result of first to enabled: false
[KML-Test-1 @coroutine#77] DEBUG de.phyrone.kml.moduleloader.DefaultModuleManager - Reached result of first to enabled: false
[KML-Test-1 @coroutine#76] DEBUG de.phyrone.kml.moduleloader.DefaultModuleManager - Reached result of first to enabled: false
[KML-Test-4 @coroutine#79] DEBUG de.phyrone.kml.moduleloader.DefaultModuleManager - Reached result of first to enabled: false
[KML-Test-1 @coroutine#77] DEBUG de.phyrone.kml.moduleloader.DefaultModuleManager - Reached result of first to enabled: false
[KML-Test-4 @coroutine#76] DEBUG de.phyrone.kml.moduleloader.DefaultModuleManager - Reached result of first to enabled: false
[KML-Test-4 @coroutine#79] DEBUG de.phyrone.kml.moduleloader.DefaultModuleManager - Reached result of first to enabled: false
[KML-Test-4 @coroutine#77] DEBUG de.phyrone.kml.moduleloader.DefaultModuleManager - Reached result of first to enabled: false
[KML-Test-4 @coroutine#76] DEBUG de.phyrone.kml.moduleloader.DefaultModuleManager - Reached result of first to enabled: false
[KML-Test-4 @coroutine#79] DEBUG de.phyrone.kml.moduleloader.DefaultModuleManager - Reached result of first to enabled: false
[KML-Test-4 @coroutine#77] DEBUG de.phyrone.kml.moduleloader.DefaultModuleManager - Reached result of first to enabled: false
[KML-Test-4 @coroutine#76] DEBUG de.phyrone.kml.moduleloader.DefaultModuleManager - Reached result of first to enabled: false
[KML-Test-4 @coroutine#79] DEBUG de.phyrone.kml.moduleloader.DefaultModuleManager - Reached result of first to enabled: false
[KML-Test-4 @coroutine#77] DEBUG de.phyrone.kml.moduleloader.DefaultModuleManager - Reached result of first to enabled: false
[KML-Test-4 @coroutine#76] DEBUG de.phyrone.kml.moduleloader.DefaultModuleManager - Reached result of first to enabled: false
[KML-Test-4 @coroutine#79] DEBUG de.phyrone.kml.moduleloader.DefaultModuleManager - Reached result of first to enabled: false
[KML-Test-1 @coroutine#77] DEBUG de.phyrone.kml.moduleloader.DefaultModuleManager - Reached result of first to enabled: false
[KML-Test-1 @coroutine#76] DEBUG de.phyrone.kml.moduleloader.DefaultModuleManager - Reached result of first to enabled: false
[KML-Test-4 @coroutine#79] DEBUG de.phyrone.kml.moduleloader.DefaultModuleManager - Reached result of first to enabled: false
[KML-Test-1 @coroutine#77] DEBUG de.phyrone.kml.moduleloader.DefaultModuleManager - Reached result of first to enabled: false
[KML-Test-4 @coroutine#76] DEBUG de.phyrone.kml.moduleloader.DefaultModuleManager - Reached result of first to enabled: false
[KML-Test-1 @coroutine#79] DEBUG de.phyrone.kml.moduleloader.DefaultModuleManager - Reached result of first to enabled: false
[KML-Test-1 @coroutine#77] DEBUG de.phyrone.kml.moduleloader.DefaultModuleManager - Reached result of first to enabled: false
[KML-Test-1 @coroutine#76] DEBUG de.phyrone.kml.moduleloader.DefaultModuleManager - Reached result of first to enabled: false
[KML-Test-4 @coroutine#79] DEBUG de.phyrone.kml.moduleloader.DefaultModuleManager - Reached result of first to enabled: false
[KML-Test-1 @coroutine#77] DEBUG de.phyrone.kml.moduleloader.DefaultModuleManager - Reached result of first to enabled: false
[KML-Test-1 @coroutine#76] DEBUG de.phyrone.kml.moduleloader.DefaultModuleManager - Reached result of first to enabled: false
[KML-Test-4 @coroutine#79] DEBUG de.phyrone.kml.moduleloader.DefaultModuleManager - Reached result of first to enabled: false
[KML-Test-1 @coroutine#77] DEBUG de.phyrone.kml.moduleloader.DefaultModuleManager - Reached result of first to enabled: false
[KML-Test-1 @coroutine#76] DEBUG de.phyrone.kml.moduleloader.DefaultModuleManager - Reached result of first to enabled: false
[KML-Test-1 @coroutine#79] DEBUG de.phyrone.kml.moduleloader.DefaultModuleManager - Reached result of first to enabled: false
[KML-Test-4 @coroutine#77] DEBUG de.phyrone.kml.moduleloader.DefaultModuleManager - Reached result of first to enabled: false
[KML-Test-4 @coroutine#76] DEBUG de.phyrone.kml.moduleloader.DefaultModuleManager - Reached result of first to enabled: false
[KML-Test-1 @coroutine#79] DEBUG de.phyrone.kml.moduleloader.DefaultModuleManager - Reached result of first to enabled: false
[KML-Test-4 @coroutine#77] DEBUG de.phyrone.kml.moduleloader.DefaultModuleManager - Reached result of first to enabled: false
[KML-Test-1 @coroutine#76] DEBUG de.phyrone.kml.moduleloader.DefaultModuleManager - Reached result of first to enabled: false
[KML-Test-4 @coroutine#79] DEBUG de.phyrone.kml.moduleloader.DefaultModuleManager - Reached result of first to enabled: false
[KML-Test-1 @coroutine#77] DEBUG de.phyrone.kml.moduleloader.DefaultModuleManager - Reached result of first to enabled: false
[KML-Test-4 @coroutine#76] DEBUG de.phyrone.kml.moduleloader.DefaultModuleManager - Reached result of first to enabled: false
[KML-Test-1 @coroutine#79] DEBUG de.phyrone.kml.moduleloader.DefaultModuleManager - Reached result of first to enabled: false
[KML-Test-4 @coroutine#77] DEBUG de.phyrone.kml.moduleloader.DefaultModuleManager - Reached result of first to enabled: false
[KML-Test-1 @coroutine#76] DEBUG de.phyrone.kml.moduleloader.DefaultModuleManager - Reached result of first to enabled: false
[KML-Test-4 @coroutine#79] DEBUG de.phyrone.kml.moduleloader.DefaultModuleManager - Reached result of first to enabled: false
[KML-Test-1 @coroutine#77] DEBUG de.phyrone.kml.moduleloader.DefaultModuleManager - Reached result of first to enabled: false
[KML-Test-1 @coroutine#76] DEBUG de.phyrone.kml.moduleloader.DefaultModuleManager - Reached result of first to enabled: false
[KML-Test-4 @coroutine#79] DEBUG de.phyrone.kml.moduleloader.DefaultModuleManager - Reached result of first to enabled: false
[KML-Test-1 @coroutine#77] DEBUG de.phyrone.kml.moduleloader.DefaultModuleManager - Reached result of first to enabled: false
[KML-Test-4 @coroutine#76] DEBUG de.phyrone.kml.moduleloader.DefaultModuleManager - Reached result of first to enabled: false
[KML-Test-1 @coroutine#79] DEBUG de.phyrone.kml.moduleloader.DefaultModuleManager - Reached result of first to enabled: false
[KML-Test-4 @coroutine#77] DEBUG de.phyrone.kml.moduleloader.DefaultModuleManager - Reached result of first to enabled: false
[KML-Test-4 @coroutine#76] DEBUG de.phyrone.kml.moduleloader.DefaultModuleManager - Reached result of first to enabled: false
[KML-Test-4 @coroutine#79] DEBUG de.phyrone.kml.moduleloader.DefaultModuleManager - Reached result of first to enabled: false
[KML-Test-1 @coroutine#77] DEBUG de.phyrone.kml.moduleloader.DefaultModuleManager - Reached result of first to enabled: false
[KML-Test-4 @coroutine#76] DEBUG de.phyrone.kml.moduleloader.DefaultModuleManager - Reached result of first to enabled: false
[KML-Test-1 @coroutine#79] DEBUG de.phyrone.kml.moduleloader.DefaultModuleManager - Reached result of first to enabled: false
[KML-Test-4 @coroutine#77] DEBUG de.phyrone.kml.moduleloader.DefaultModuleManager - Reached result of first to enabled: false
[KML-Test-4 @coroutine#76] DEBUG de.phyrone.kml.moduleloader.DefaultModuleManager - Reached result of first to enabled: false
[KML-Test-1 @coroutine#79] DEBUG de.phyrone.kml.moduleloader.DefaultModuleManager - Reached result of first to enabled: false
[KML-Test-4 @coroutine#77] DEBUG de.phyrone.kml.moduleloader.DefaultModuleManager - Reached result of first to enabled: false
[KML-Test-4 @coroutine#76] DEBUG de.phyrone.kml.moduleloader.DefaultModuleManager - Reached result of first to enabled: false
[KML-Test-1 @coroutine#79] DEBUG de.phyrone.kml.moduleloader.DefaultModuleManager - Reached result of first to enabled: false
[KML-Test-4 @coroutine#77] DEBUG de.phyrone.kml.moduleloader.DefaultModuleManager - Reached result of first to enabled: false
[KML-Test-4 @coroutine#76] DEBUG de.phyrone.kml.moduleloader.DefaultModuleManager - Reached result of first to enabled: false
[KML-Test-4 @coroutine#79] DEBUG de.phyrone.kml.moduleloader.DefaultModuleManager - Reached result of first to enabled: false
[KML-Test-4 @coroutine#77] DEBUG de.phyrone.kml.moduleloader.DefaultModuleManager - Reached result of first to enabled: false
[KML-Test-4 @coroutine#76] DEBUG de.phyrone.kml.moduleloader.DefaultModuleManager - Reached result of first to enabled: false
[KML-Test-4 @coroutine#79] DEBUG de.phyrone.kml.moduleloader.DefaultModuleManager - Reached result of first to enabled: false
[KML-Test-1 @coroutine#77] DEBUG de.phyrone.kml.moduleloader.DefaultModuleManager - Reached result of first to enabled: false
[KML-Test-1 @coroutine#76] DEBUG de.phyrone.kml.moduleloader.DefaultModuleManager - Reached result of first to enabled: false
[KML-Test-4 @coroutine#79] DEBUG de.phyrone.kml.moduleloader.DefaultModuleManager - Reached result of first to enabled: false
[KML-Test-4 @coroutine#77] DEBUG de.phyrone.kml.moduleloader.DefaultModuleManager - Reached result of first to enabled: false
[KML-Test-4 @coroutine#76] DEBUG de.phyrone.kml.moduleloader.DefaultModuleManager - Reached result of first to enabled: false
[KML-Test-4 @coroutine#79] DEBUG de.phyrone.kml.moduleloader.DefaultModuleManager - Reached result of first to enabled: false
[KML-Test-1 @coroutine#77] DEBUG de.phyrone.kml.moduleloader.DefaultModuleManager - Reached result of first to enabled: false
[KML-Test-1 @coroutine#76] DEBUG de.phyrone.kml.moduleloader.DefaultModuleManager - Reached result of first to enabled: false
[KML-Test-4 @coroutine#79] DEBUG de.phyrone.kml.moduleloader.DefaultModuleManager - Reached result of first to enabled: false
[KML-Test-4 @coroutine#77] DEBUG de.phyrone.kml.moduleloader.DefaultModuleManager - Reached result of first to enabled: false
[KML-Test-4 @coroutine#76] DEBUG de.phyrone.kml.moduleloader.DefaultModuleManager - Reached result of first to enabled: false
[KML-Test-1 @coroutine#77] DEBUG de.phyrone.kml.moduleloader.DefaultModuleManager - Reached result of first to enabled: false
[KML-Test-4 @coroutine#79] DEBUG de.phyrone.kml.moduleloader.DefaultModuleManager - Reached result of first to enabled: false
[KML-Test-1 @coroutine#76] DEBUG de.phyrone.kml.moduleloader.DefaultModuleManager - Reached result of first to enabled: false
[KML-Test-1 @coroutine#79] DEBUG de.phyrone.kml.moduleloader.DefaultModuleManager - Reached result of first to enabled: false
[KML-Test-4 @coroutine#77] DEBUG de.phyrone.kml.moduleloader.DefaultModuleManager - Reached result of first to enabled: false
[KML-Test-1 @coroutine#76] DEBUG de.phyrone.kml.moduleloader.DefaultModuleManager - Reached result of first to enabled: false
[KML-Test-4 @coroutine#79] DEBUG de.phyrone.kml.moduleloader.DefaultModuleManager - Reached result of first to enabled: false
[KML-Test-1 @coroutine#77] DEBUG de.phyrone.kml.moduleloader.DefaultModuleManager - Reached result of first to enabled: false
[KML-Test-1 @coroutine#76] DEBUG de.phyrone.kml.moduleloader.DefaultModuleManager - Reached result of first to enabled: false
[KML-Test-4 @coroutine#79] DEBUG de.phyrone.kml.moduleloader.DefaultModuleManager - Reached result of first to enabled: false
[KML-Test-4 @coroutine#77] DEBUG de.phyrone.kml.moduleloader.DefaultModuleManager - Reached result of first to enabled: false
[KML-Test-4 @coroutine#76] DEBUG de.phyrone.kml.moduleloader.DefaultModuleManager - Reached result of first to enabled: false
[KML-Test-1 @coroutine#77] DEBUG de.phyrone.kml.moduleloader.DefaultModuleManager - Reached result of first to enabled: false
[KML-Test-1 @coroutine#76] DEBUG de.phyrone.kml.moduleloader.DefaultModuleManager - Reached result of first to enabled: false
[KML-Test-4 @coroutine#79] DEBUG de.phyrone.kml.moduleloader.DefaultModuleManager - Reached result of first to enabled: false
[KML-Test-1 @coroutine#77] DEBUG de.phyrone.kml.moduleloader.DefaultModuleManager - Reached result of first to enabled: false
[KML-Test-4 @coroutine#76] DEBUG de.phyrone.kml.moduleloader.DefaultModuleManager - Reached result of first to enabled: false
[KML-Test-1 @coroutine#79] DEBUG de.phyrone.kml.moduleloader.DefaultModuleManager - Reached result of first to enabled: false
[KML-Test-4 @coroutine#77] DEBUG de.phyrone.kml.moduleloader.DefaultModuleManager - Reached result of first to enabled: false
[KML-Test-4 @coroutine#79] DEBUG de.phyrone.kml.moduleloader.DefaultModuleManager - Reached result of first to enabled: false
[KML-Test-1 @coroutine#76] DEBUG de.phyrone.kml.moduleloader.DefaultModuleManager - Reached result of first to enabled: false
[KML-Test-4 @coroutine#77] DEBUG de.phyrone.kml.moduleloader.DefaultModuleManager - Reached result of first to enabled: false
[KML-Test-1 @coroutine#79] DEBUG de.phyrone.kml.moduleloader.DefaultModuleManager - Reached result of first to enabled: false
[KML-Test-1 @coroutine#76] DEBUG de.phyrone.kml.moduleloader.DefaultModuleManager - Reached result of first to enabled: false
[KML-Test-1 @coroutine#77] DEBUG de.phyrone.kml.moduleloader.DefaultModuleManager - Reached result of first to enabled: false
[KML-Test-1 @coroutine#79] DEBUG de.phyrone.kml.moduleloader.DefaultModuleManager - Reached result of first to enabled: false
[KML-Test-1 @coroutine#76] DEBUG de.phyrone.kml.moduleloader.DefaultModuleManager - Reached result of first to enabled: false
[KML-Test-1 @coroutine#77] DEBUG de.phyrone.kml.moduleloader.DefaultModuleManager - Reached result of first to enabled: false
[KML-Test-4 @coroutine#79] DEBUG de.phyrone.kml.moduleloader.DefaultModuleManager - Reached result of first to enabled: false
[KML-Test-1 @coroutine#76] DEBUG de.phyrone.kml.moduleloader.DefaultModuleManager - Reached result of first to enabled: false
[KML-Test-4 @coroutine#77] DEBUG de.phyrone.kml.moduleloader.DefaultModuleManager - Reached result of first to enabled: false
[KML-Test-4 @coroutine#79] DEBUG de.phyrone.kml.moduleloader.DefaultModuleManager - Reached result of first to enabled: false
[KML-Test-4 @coroutine#76] DEBUG de.phyrone.kml.moduleloader.DefaultModuleManager - Reached result of first to enabled: false
[KML-Test-4 @coroutine#79] DEBUG de.phyrone.kml.moduleloader.DefaultModuleManager - Reached result of first to enabled: false
[KML-Test-1 @coroutine#77] DEBUG de.phyrone.kml.moduleloader.DefaultModuleManager - Reached result of first to enabled: false
[KML-Test-1 @coroutine#76] DEBUG de.phyrone.kml.moduleloader.DefaultModuleManager - Reached result of first to enabled: false
[KML-Test-4 @coroutine#79] DEBUG de.phyrone.kml.moduleloader.DefaultModuleManager - Reached result of first to enabled: false
[KML-Test-1 @coroutine#77] DEBUG de.phyrone.kml.moduleloader.DefaultModuleManager - Reached result of first to enabled: false
[KML-Test-1 @coroutine#76] DEBUG de.phyrone.kml.moduleloader.DefaultModuleManager - Reached result of first to enabled: false
[KML-Test-4 @coroutine#79] DEBUG de.phyrone.kml.moduleloader.DefaultModuleManager - Reached result of first to enabled: false
[KML-Test-4 @coroutine#77] DEBUG de.phyrone.kml.moduleloader.DefaultModuleManager - Reached result of first to enabled: false
[KML-Test-4 @coroutine#76] DEBUG de.phyrone.kml.moduleloader.DefaultModuleManager - Reached result of first to enabled: false
[KML-Test-4 @coroutine#79] DEBUG de.phyrone.kml.moduleloader.DefaultModuleManager - Reached result of first to enabled: false
[KML-Test-4 @coroutine#77] DEBUG de.phyrone.kml.moduleloader.DefaultModuleManager - Reached result of first to enabled: false
[KML-Test-4 @coroutine#76] DEBUG de.phyrone.kml.moduleloader.DefaultModuleManager - Reached result of first to enabled: false
[KML-Test-4 @coroutine#79] DEBUG de.phyrone.kml.moduleloader.DefaultModuleManager - Reached result of first to enabled: false
[KML-Test-4 @coroutine#77] DEBUG de.phyrone.kml.moduleloader.DefaultModuleManager - Reached result of first to enabled: false
[KML-Test-4 @coroutine#76] DEBUG de.phyrone.kml.moduleloader.DefaultModuleManager - Reached result of first to enabled: false
[KML-Test-1 @coroutine#79] DEBUG de.phyrone.kml.moduleloader.DefaultModuleManager - Reached result of first to enabled: false
[KML-Test-4 @coroutine#77] DEBUG de.phyrone.kml.moduleloader.DefaultModuleManager - Reached result of first to enabled: false
[KML-Test-4 @coroutine#76] DEBUG de.phyrone.kml.moduleloader.DefaultModuleManager - Reached result of first to enabled: false
[KML-Test-4 @coroutine#77] DEBUG de.phyrone.kml.moduleloader.DefaultModuleManager - Reached result of first to enabled: false
[KML-Test-1 @coroutine#79] DEBUG de.phyrone.kml.moduleloader.DefaultModuleManager - Reached result of first to enabled: false
[KML-Test-4 @coroutine#76] DEBUG de.phyrone.kml.moduleloader.DefaultModuleManager - Reached result of first to enabled: false
[KML-Test-1 @coroutine#79] DEBUG de.phyrone.kml.moduleloader.DefaultModuleManager - Reached result of first to enabled: false
[KML-Test-1 @coroutine#77] DEBUG de.phyrone.kml.moduleloader.DefaultModuleManager - Reached result of first to enabled: false
[KML-Test-1 @coroutine#76] DEBUG de.phyrone.kml.moduleloader.DefaultModuleManager - Reached result of first to enabled: false
[KML-Test-1 @coroutine#77] DEBUG de.phyrone.kml.moduleloader.DefaultModuleManager - Reached result of first to enabled: false
[KML-Test-4 @coroutine#79] DEBUG de.phyrone.kml.moduleloader.DefaultModuleManager - Reached result of first to enabled: false
[KML-Test-4 @coroutine#76] DEBUG de.phyrone.kml.moduleloader.DefaultModuleManager - Reached result of first to enabled: false
[KML-Test-1 @coroutine#77] DEBUG de.phyrone.kml.moduleloader.DefaultModuleManager - Reached result of first to enabled: false
[KML-Test-4 @coroutine#79] DEBUG de.phyrone.kml.moduleloader.DefaultModuleManager - Reached result of first to enabled: false
[KML-Test-4 @coroutine#76] DEBUG de.phyrone.kml.moduleloader.DefaultModuleManager - Reached result of first to enabled: false
[KML-Test-1 @coroutine#77] DEBUG de.phyrone.kml.moduleloader.DefaultModuleManager - Reached result of first to enabled: false
[KML-Test-4 @coroutine#79] DEBUG de.phyrone.kml.moduleloader.DefaultModuleManager - Reached result of first to enabled: false
[KML-Test-4 @coroutine#76] DEBUG de.phyrone.kml.moduleloader.DefaultModuleManager - Reached result of first to enabled: false
[KML-Test-1 @coroutine#77] DEBUG de.phyrone.kml.moduleloader.DefaultModuleManager - Reached result of first to enabled: false
[KML-Test-4 @coroutine#79] DEBUG de.phyrone.kml.moduleloader.DefaultModuleManager - Reached result of first to enabled: false
[KML-Test-1 @coroutine#76] DEBUG de.phyrone.kml.moduleloader.DefaultModuleManager - Reached result of first to enabled: false
[KML-Test-4 @coroutine#77] DEBUG de.phyrone.kml.moduleloader.DefaultModuleManager - Reached result of first to enabled: false
[KML-Test-4 @coroutine#79] DEBUG de.phyrone.kml.moduleloader.DefaultModuleManager - Reached result of first to enabled: false
[KML-Test-4 @coroutine#76] DEBUG de.phyrone.kml.moduleloader.DefaultModuleManager - Reached result of first to enabled: false
[KML-Test-4 @coroutine#77] DEBUG de.phyrone.kml.moduleloader.DefaultModuleManager - Reached result of first to enabled: false
[KML-Test-4 @coroutine#79] DEBUG de.phyrone.kml.moduleloader.DefaultModuleManager - Reached result of first to enabled: false
[KML-Test-4 @coroutine#76] DEBUG de.phyrone.kml.moduleloader.DefaultModuleManager - Reached result of first to enabled: false
[KML-Test-4 @coroutine#77] DEBUG de.phyrone.kml.moduleloader.DefaultModuleManager - Reached result of first to enabled: false
[KML-Test-1 @coroutine#76] DEBUG de.phyrone.kml.moduleloader.DefaultModuleManager - Reached result of first to enabled: false
[KML-Test-4 @coroutine#79] DEBUG de.phyrone.kml.moduleloader.DefaultModuleManager - Reached result of first to enabled: false
[KML-Test-1 @coroutine#77] DEBUG de.phyrone.kml.moduleloader.DefaultModuleManager - Reached result of first to enabled: false
[KML-Test-1 @coroutine#76] DEBUG de.phyrone.kml.moduleloader.DefaultModuleManager - Reached result of first to enabled: false
[KML-Test-1 @coroutine#79] DEBUG de.phyrone.kml.moduleloader.DefaultModuleManager - Reached result of first to enabled: false
[KML-Test-1 @coroutine#77] DEBUG de.phyrone.kml.moduleloader.DefaultModuleManager - Reached result of first to enabled: false
[KML-Test-1 @coroutine#76] DEBUG de.phyrone.kml.moduleloader.DefaultModuleManager - Reached result of first to enabled: false
[KML-Test-1 @coroutine#79] DEBUG de.phyrone.kml.moduleloader.DefaultModuleManager - Reached result of first to enabled: false
[KML-Test-1 @coroutine#77] DEBUG de.phyrone.kml.moduleloader.DefaultModuleManager - Reached result of first to enabled: false
[KML-Test-1 @coroutine#76] DEBUG de.phyrone.kml.moduleloader.DefaultModuleManager - Reached result of first to enabled: false
[KML-Test-1 @coroutine#79] DEBUG de.phyrone.kml.moduleloader.DefaultModuleManager - Reached result of first to enabled: false
[KML-Test-4 @coroutine#76] DEBUG de.phyrone.kml.moduleloader.DefaultModuleManager - Reached result of first to enabled: false
[KML-Test-1 @coroutine#77] DEBUG de.phyrone.kml.moduleloader.DefaultModuleManager - Reached result of first to enabled: false
[KML-Test-1 @coroutine#79] DEBUG de.phyrone.kml.moduleloader.DefaultModuleManager - Reached result of first to enabled: false
[KML-Test-1 @coroutine#77] DEBUG de.phyrone.kml.moduleloader.DefaultModuleManager - Reached result of first to enabled: false
[KML-Test-4 @coroutine#76] DEBUG de.phyrone.kml.moduleloader.DefaultModuleManager - Reached result of first to enabled: false
[KML-Test-1 @coroutine#79] DEBUG de.phyrone.kml.moduleloader.DefaultModuleManager - Reached result of first to enabled: false
[KML-Test-4 @coroutine#77] DEBUG de.phyrone.kml.moduleloader.DefaultModuleManager - Reached result of first to enabled: false
[KML-Test-1 @coroutine#76] DEBUG de.phyrone.kml.moduleloader.DefaultModuleManager - Reached result of first to enabled: false
[KML-Test-4 @coroutine#79] DEBUG de.phyrone.kml.moduleloader.DefaultModuleManager - Reached result of first to enabled: false
[KML-Test-1 @coroutine#77] DEBUG de.phyrone.kml.moduleloader.DefaultModuleManager - Reached result of first to enabled: false
[KML-Test-1 @coroutine#76] DEBUG de.phyrone.kml.moduleloader.DefaultModuleManager - Reached result of first to enabled: false
[KML-Test-1 @coroutine#79] DEBUG de.phyrone.kml.moduleloader.DefaultModuleManager - Reached result of first to enabled: false
[KML-Test-4 @coroutine#77] DEBUG de.phyrone.kml.moduleloader.DefaultModuleManager - Reached result of first to enabled: false
[KML-Test-1 @coroutine#76] DEBUG de.phyrone.kml.moduleloader.DefaultModuleManager - Reached result of first to enabled: false
[KML-Test-4 @coroutine#79] DEBUG de.phyrone.kml.moduleloader.DefaultModuleManager - Reached result of first to enabled: false
[KML-Test-1 @coroutine#77] DEBUG de.phyrone.kml.moduleloader.DefaultModuleManager - Reached result of first to enabled: false
[KML-Test-1 @coroutine#76] DEBUG de.phyrone.kml.moduleloader.DefaultModuleManager - Reached result of first to enabled: false
[KML-Test-1 @coroutine#79] DEBUG de.phyrone.kml.moduleloader.DefaultModuleManager - Reached result of first to enabled: false
[KML-Test-1 @coroutine#77] DEBUG de.phyrone.kml.moduleloader.DefaultModuleManager - Reached result of first to enabled: false
[KML-Test-1 @coroutine#76] DEBUG de.phyrone.kml.moduleloader.DefaultModuleManager - Reached result of first to enabled: false
[KML-Test-1 @coroutine#79] DEBUG de.phyrone.kml.moduleloader.DefaultModuleManager - Reached result of first to enabled: false
[KML-Test-1 @coroutine#77] DEBUG de.phyrone.kml.moduleloader.DefaultModuleManager - Reached result of first to enabled: false
[KML-Test-1 @coroutine#76] DEBUG de.phyrone.kml.moduleloader.DefaultModuleManager - Reached result of first to enabled: false
[KML-Test-1 @coroutine#79] DEBUG de.phyrone.kml.moduleloader.DefaultModuleManager - Reached result of first to enabled: false
[KML-Test-1 @coroutine#77] DEBUG de.phyrone.kml.moduleloader.DefaultModuleManager - Reached result of first to enabled: false
[KML-Test-1 @coroutine#76] DEBUG de.phyrone.kml.moduleloader.DefaultModuleManager - Reached result of first to enabled: false
[KML-Test-1 @coroutine#79] DEBUG de.phyrone.kml.moduleloader.DefaultModuleManager - Reached result of first to enabled: false
[KML-Test-1 @coroutine#77] DEBUG de.phyrone.kml.moduleloader.DefaultModuleManager - Reached result of first to enabled: false
[KML-Test-4 @coroutine#76] DEBUG de.phyrone.kml.moduleloader.DefaultModuleManager - Reached result of first to enabled: false
[KML-Test-1 @coroutine#79] DEBUG de.phyrone.kml.moduleloader.DefaultModuleManager - Reached result of first to enabled: false
[KML-Test-4 @coroutine#77] DEBUG de.phyrone.kml.moduleloader.DefaultModuleManager - Reached result of first to enabled: false
[KML-Test-1 @coroutine#76] DEBUG de.phyrone.kml.moduleloader.DefaultModuleManager - Reached result of first to enabled: false
[KML-Test-4 @coroutine#79] DEBUG de.phyrone.kml.moduleloader.DefaultModuleManager - Reached result of first to enabled: false
[KML-Test-4 @coroutine#76] DEBUG de.phyrone.kml.moduleloader.DefaultModuleManager - Reached result of first to enabled: false
[KML-Test-1 @coroutine#77] DEBUG de.phyrone.kml.moduleloader.DefaultModuleManager - Reached result of first to enabled: false
[KML-Test-1 @coroutine#79] DEBUG de.phyrone.kml.moduleloader.DefaultModuleManager - Reached result of first to enabled: false
[KML-Test-4 @coroutine#76] DEBUG de.phyrone.kml.moduleloader.DefaultModuleManager - Reached result of first to enabled: false
[KML-Test-1 @coroutine#77] DEBUG de.phyrone.kml.moduleloader.DefaultModuleManager - Reached result of first to enabled: false
[KML-Test-1 @coroutine#79] DEBUG de.phyrone.kml.moduleloader.DefaultModuleManager - Reached result of first to enabled: false
[KML-Test-4 @coroutine#76] DEBUG de.phyrone.kml.moduleloader.DefaultModuleManager - Reached result of first to enabled: false
[KML-Test-1 @coroutine#77] DEBUG de.phyrone.kml.moduleloader.DefaultModuleManager - Reached result of first to enabled: false
[KML-Test-4 @coroutine#79] DEBUG de.phyrone.kml.moduleloader.DefaultModuleManager - Reached result of first to enabled: false
[KML-Test-4 @coroutine#76] DEBUG de.phyrone.kml.moduleloader.DefaultModuleManager - Reached result of first to enabled: false
[KML-Test-1 @coroutine#77] DEBUG de.phyrone.kml.moduleloader.DefaultModuleManager - Reached result of first to enabled: false
[KML-Test-1 @coroutine#79] DEBUG de.phyrone.kml.moduleloader.DefaultModuleManager - Reached result of first to enabled: false
[KML-Test-4 @coroutine#76] DEBUG de.phyrone.kml.moduleloader.DefaultModuleManager - Reached result of first to enabled: false
[KML-Test-1 @coroutine#77] DEBUG de.phyrone.kml.moduleloader.DefaultModuleManager - Reached result of first to enabled: false
[KML-Test-1 @coroutine#79] DEBUG de.phyrone.kml.moduleloader.DefaultModuleManager - Reached result of first to enabled: false
[KML-Test-4 @coroutine#76] DEBUG de.phyrone.kml.moduleloader.DefaultModuleManager - Reached result of first to enabled: false
[KML-Test-4 @coroutine#79] DEBUG de.phyrone.kml.moduleloader.DefaultModuleManager - Reached result of first to enabled: false
[KML-Test-1 @coroutine#77] DEBUG de.phyrone.kml.moduleloader.DefaultModuleManager - Reached result of first to enabled: false
[KML-Test-1 @coroutine#79] DEBUG de.phyrone.kml.moduleloader.DefaultModuleManager - Reached result of first to enabled: false
[KML-Test-4 @coroutine#76] DEBUG de.phyrone.kml.moduleloader.DefaultModuleManager - Reached result of first to enabled: false
[KML-Test-1 @coroutine#77] DEBUG de.phyrone.kml.moduleloader.DefaultModuleManager - Reached result of first to enabled: false
[KML-Test-4 @coroutine#79] DEBUG de.phyrone.kml.moduleloader.DefaultModuleManager - Reached result of first to enabled: false
[KML-Test-4 @coroutine#76] DEBUG de.phyrone.kml.moduleloader.DefaultModuleManager - Reached result of first to enabled: false
[KML-Test-4 @coroutine#77] DEBUG de.phyrone.kml.moduleloader.DefaultModuleManager - Reached result of first to enabled: false
[KML-Test-4 @coroutine#79] DEBUG de.phyrone.kml.moduleloader.DefaultModuleManager - Reached result of first to enabled: false
[KML-Test-4 @coroutine#76] DEBUG de.phyrone.kml.moduleloader.DefaultModuleManager - Reached result of first to enabled: false
[KML-Test-4 @coroutine#77] DEBUG de.phyrone.kml.moduleloader.DefaultModuleManager - Reached result of first to enabled: false
[KML-Test-4 @coroutine#79] DEBUG de.phyrone.kml.moduleloader.DefaultModuleManager - Reached result of first to enabled: false
[KML-Test-4 @coroutine#77] DEBUG de.phyrone.kml.moduleloader.DefaultModuleManager - Reached result of first to enabled: false
[KML-Test-1 @coroutine#76] DEBUG de.phyrone.kml.moduleloader.DefaultModuleManager - Reached result of first to enabled: false
[KML-Test-4 @coroutine#79] DEBUG de.phyrone.kml.moduleloader.DefaultModuleManager - Reached result of first to enabled: false
[KML-Test-1 @coroutine#77] DEBUG de.phyrone.kml.moduleloader.DefaultModuleManager - Reached result of first to enabled: false
[KML-Test-4 @coroutine#76] DEBUG de.phyrone.kml.moduleloader.DefaultModuleManager - Reached result of first to enabled: false
[KML-Test-1 @coroutine#79] DEBUG de.phyrone.kml.moduleloader.DefaultModuleManager - Reached result of first to enabled: false
[KML-Test-1 @coroutine#77] DEBUG de.phyrone.kml.moduleloader.DefaultModuleManager - Reached result of first to enabled: false
[KML-Test-1 @coroutine#76] DEBUG de.phyrone.kml.moduleloader.DefaultModuleManager - Reached result of first to enabled: false
[KML-Test-1 @coroutine#79] DEBUG de.phyrone.kml.moduleloader.DefaultModuleManager - Reached result of first to enabled: false
[KML-Test-1 @coroutine#77] DEBUG de.phyrone.kml.moduleloader.DefaultModuleManager - Reached result of first to enabled: false
[KML-Test-1 @coroutine#76] DEBUG de.phyrone.kml.moduleloader.DefaultModuleManager - Reached result of first to enabled: false
[KML-Test-1 @coroutine#79] DEBUG de.phyrone.kml.moduleloader.DefaultModuleManager - Reached result of first to enabled: false
[KML-Test-1 @coroutine#77] DEBUG de.phyrone.kml.moduleloader.DefaultModuleManager - Reached result of first to enabled: false
[KML-Test-1 @coroutine#76] DEBUG de.phyrone.kml.moduleloader.DefaultModuleManager - Reached result of first to enabled: false
[KML-Test-4 @coroutine#77] DEBUG de.phyrone.kml.moduleloader.DefaultModuleManager - Reached result of first to enabled: false
[KML-Test-4 @coroutine#76] DEBUG de.phyrone.kml.moduleloader.DefaultModuleManager - Reached result of first to enabled: false
[KML-Test-1 @coroutine#79] DEBUG de.phyrone.kml.moduleloader.DefaultModuleManager - Reached result of first to enabled: false
[KML-Test-1 @coroutine#76] DEBUG de.phyrone.kml.moduleloader.DefaultModuleManager - Reached result of first to enabled: false
[KML-Test-1 @coroutine#79] DEBUG de.phyrone.kml.moduleloader.DefaultModuleManager - Reached result of first to enabled: false
[KML-Test-4 @coroutine#77] DEBUG de.phyrone.kml.moduleloader.DefaultModuleManager - Reached result of first to enabled: false
[KML-Test-1 @coroutine#76] DEBUG de.phyrone.kml.moduleloader.DefaultModuleManager - Reached result of first to enabled: false
[KML-Test-1 @coroutine#77] DEBUG de.phyrone.kml.moduleloader.DefaultModuleManager - Reached result of first to enabled: false
[KML-Test-4 @coroutine#79] DEBUG de.phyrone.kml.moduleloader.DefaultModuleManager - Reached result of first to enabled: false
[KML-Test-4 @coroutine#77] DEBUG de.phyrone.kml.moduleloader.DefaultModuleManager - Reached result of first to enabled: false
[KML-Test-4 @coroutine#79] DEBUG de.phyrone.kml.moduleloader.DefaultModuleManager - Reached result of first to enabled: false
[KML-Test-1 @coroutine#76] DEBUG de.phyrone.kml.moduleloader.DefaultModuleManager - Reached result of first to enabled: false
[KML-Test-4 @coroutine#77] DEBUG de.phyrone.kml.moduleloader.DefaultModuleManager - Reached result of first to enabled: false
[KML-Test-4 @coroutine#79] DEBUG de.phyrone.kml.moduleloader.DefaultModuleManager - Reached result of first to enabled: false
[KML-Test-4 @coroutine#76] DEBUG de.phyrone.kml.moduleloader.DefaultModuleManager - Reached result of first to enabled: false
[KML-Test-1 @coroutine#79] DEBUG de.phyrone.kml.moduleloader.DefaultModuleManager - Reached result of first to enabled: false
[KML-Test-1 @coroutine#76] DEBUG de.phyrone.kml.moduleloader.DefaultModuleManager - Reached result of first to enabled: false
[KML-Test-4 @coroutine#77] DEBUG de.phyrone.kml.moduleloader.DefaultModuleManager - Reached result of first to enabled: false
[KML-Test-1 @coroutine#79] DEBUG de.phyrone.kml.moduleloader.DefaultModuleManager - Reached result of first to enabled: false
[KML-Test-1 @coroutine#76] DEBUG de.phyrone.kml.moduleloader.DefaultModuleManager - Reached result of first to enabled: false
[KML-Test-1 @coroutine#77] DEBUG de.phyrone.kml.moduleloader.DefaultModuleManager - Reached result of first to enabled: false
[KML-Test-1 @coroutine#79] DEBUG de.phyrone.kml.moduleloader.DefaultModuleManager - Reached result of first to enabled: false
[KML-Test-4 @coroutine#76] DEBUG de.phyrone.kml.moduleloader.DefaultModuleManager - Reached result of first to enabled: false
[KML-Test-1 @coroutine#77] DEBUG de.phyrone.kml.moduleloader.DefaultModuleManager - Reached result of first to enabled: false
[KML-Test-1 @coroutine#76] DEBUG de.phyrone.kml.moduleloader.DefaultModuleManager - Reached result of first to enabled: false
[KML-Test-4 @coroutine#79] DEBUG de.phyrone.kml.moduleloader.DefaultModuleManager - Reached result of first to enabled: false
[KML-Test-1 @coroutine#77] DEBUG de.phyrone.kml.moduleloader.DefaultModuleManager - Reached result of first to enabled: false
[KML-Test-4 @coroutine#76] DEBUG de.phyrone.kml.moduleloader.DefaultModuleManager - Reached result of first to enabled: false
[KML-Test-4 @coroutine#79] DEBUG de.phyrone.kml.moduleloader.DefaultModuleManager - Reached result of first to enabled: false
[KML-Test-4 @coroutine#77] DEBUG de.phyrone.kml.moduleloader.DefaultModuleManager - Reached result of first to enabled: false
[KML-Test-4 @coroutine#76] DEBUG de.phyrone.kml.moduleloader.DefaultModuleManager - Reached result of first to enabled: false
[KML-Test-4 @coroutine#79] DEBUG de.phyrone.kml.moduleloader.DefaultModuleManager - Reached result of first to enabled: false
[KML-Test-4 @coroutine#77] DEBUG de.phyrone.kml.moduleloader.DefaultModuleManager - Reached result of first to enabled: false
[KML-Test-4 @coroutine#76] DEBUG de.phyrone.kml.moduleloader.DefaultModuleManager - Reached result of first to enabled: false
[KML-Test-4 @coroutine#79] DEBUG de.phyrone.kml.moduleloader.DefaultModuleManager - Reached result of first to enabled: false
[KML-Test-4 @coroutine#77] DEBUG de.phyrone.kml.moduleloader.DefaultModuleManager - Reached result of first to enabled: false
[KML-Test-4 @coroutine#76] DEBUG de.phyrone.kml.moduleloader.DefaultModuleManager - Reached result of first to enabled: false
[KML-Test-1 @coroutine#79] DEBUG de.phyrone.kml.moduleloader.DefaultModuleManager - Reached result of first to enabled: false
[KML-Test-1 @coroutine#77] DEBUG de.phyrone.kml.moduleloader.DefaultModuleManager - Reached result of first to enabled: false
[KML-Test-4 @coroutine#76] DEBUG de.phyrone.kml.moduleloader.DefaultModuleManager - Reached result of first to enabled: false
[KML-Test-1 @coroutine#79] DEBUG de.phyrone.kml.moduleloader.DefaultModuleManager - Reached result of first to enabled: false
[KML-Test-4 @coroutine#77] DEBUG de.phyrone.kml.moduleloader.DefaultModuleManager - Reached result of first to enabled: false
[KML-Test-4 @coroutine#79] DEBUG de.phyrone.kml.moduleloader.DefaultModuleManager - Reached result of first to enabled: false
[KML-Test-4 @coroutine#77] DEBUG de.phyrone.kml.moduleloader.DefaultModuleManager - Reached result of first to enabled: false
[KML-Test-1 @coroutine#76] DEBUG de.phyrone.kml.moduleloader.DefaultModuleManager - Reached result of first to enabled: false
[KML-Test-1 @coroutine#77] DEBUG de.phyrone.kml.moduleloader.DefaultModuleManager - Reached result of first to enabled: false
[KML-Test-1 @coroutine#76] DEBUG de.phyrone.kml.moduleloader.DefaultModuleManager - Reached result of first to enabled: false
[KML-Test-4 @coroutine#79] DEBUG de.phyrone.kml.moduleloader.DefaultModuleManager - Reached result of first to enabled: false
[KML-Test-4 @coroutine#76] DEBUG de.phyrone.kml.moduleloader.DefaultModuleManager - Reached result of first to enabled: false
[KML-Test-4 @coroutine#79] DEBUG de.phyrone.kml.moduleloader.DefaultModuleManager - Reached result of first to enabled: false
[KML-Test-1 @coroutine#77] DEBUG de.phyrone.kml.moduleloader.DefaultModuleManager - Reached result of first to enabled: false
[KML-Test-4 @coroutine#76] DEBUG de.phyrone.kml.moduleloader.DefaultModuleManager - Reached result of first to enabled: false
[KML-Test-1 @coroutine#79] DEBUG de.phyrone.kml.moduleloader.DefaultModuleManager - Reached result of first to enabled: false
[KML-Test-4 @coroutine#77] DEBUG de.phyrone.kml.moduleloader.DefaultModuleManager - Reached result of first to enabled: false
[KML-Test-4 @coroutine#79] DEBUG de.phyrone.kml.moduleloader.DefaultModuleManager - Reached result of first to enabled: false
[KML-Test-4 @coroutine#77] DEBUG de.phyrone.kml.moduleloader.DefaultModuleManager - Reached result of first to enabled: false
[KML-Test-1 @coroutine#76] DEBUG de.phyrone.kml.moduleloader.DefaultModuleManager - Reached result of first to enabled: false
[KML-Test-4 @coroutine#79] DEBUG de.phyrone.kml.moduleloader.DefaultModuleManager - Reached result of first to enabled: false
[KML-Test-1 @coroutine#77] DEBUG de.phyrone.kml.moduleloader.DefaultModuleManager - Reached result of first to enabled: false
[KML-Test-4 @coroutine#76] DEBUG de.phyrone.kml.moduleloader.DefaultModuleManager - Reached result of first to enabled: false
[KML-Test-4 @coroutine#79] DEBUG de.phyrone.kml.moduleloader.DefaultModuleManager - Reached result of first to enabled: false
[KML-Test-4 @coroutine#77] DEBUG de.phyrone.kml.moduleloader.DefaultModuleManager - Reached result of first to enabled: false
[KML-Test-4 @coroutine#76] DEBUG de.phyrone.kml.moduleloader.DefaultModuleManager - Reached result of first to enabled: false
[KML-Test-4 @coroutine#79] DEBUG de.phyrone.kml.moduleloader.DefaultModuleManager - Reached result of first to enabled: false
[KML-Test-4 @coroutine#77] DEBUG de.phyrone.kml.moduleloader.DefaultModuleManager - Reached result of first to enabled: false
[KML-Test-4 @coroutine#76] DEBUG de.phyrone.kml.moduleloader.DefaultModuleManager - Reached result of first to enabled: false
[KML-Test-4 @coroutine#79] DEBUG de.phyrone.kml.moduleloader.DefaultModuleManager - Reached result of first to enabled: false
[KML-Test-4 @coroutine#77] DEBUG de.phyrone.kml.moduleloader.DefaultModuleManager - Reached result of first to enabled: false
[KML-Test-4 @coroutine#76] DEBUG de.phyrone.kml.moduleloader.DefaultModuleManager - Reached result of first to enabled: false
[KML-Test-4 @coroutine#79] DEBUG de.phyrone.kml.moduleloader.DefaultModuleManager - Reached result of first to enabled: false
[KML-Test-4 @coroutine#77] DEBUG de.phyrone.kml.moduleloader.DefaultModuleManager - Reached result of first to enabled: false
[KML-Test-4 @coroutine#76] DEBUG de.phyrone.kml.moduleloader.DefaultModuleManager - Reached result of first to enabled: false
[KML-Test-4 @coroutine#79] DEBUG de.phyrone.kml.moduleloader.DefaultModuleManager - Reached result of first to enabled: false
[KML-Test-4 @coroutine#76] DEBUG de.phyrone.kml.moduleloader.DefaultModuleManager - Reached result of first to enabled: false
[KML-Test-1 @coroutine#77] DEBUG de.phyrone.kml.moduleloader.DefaultModuleManager - Reached result of first to enabled: false
[KML-Test-4 @coroutine#79] DEBUG de.phyrone.kml.moduleloader.DefaultModuleManager - Reached result of first to enabled: false
[KML-Test-4 @coroutine#76] DEBUG de.phyrone.kml.moduleloader.DefaultModuleManager - Reached result of first to enabled: false
[KML-Test-4 @coroutine#77] DEBUG de.phyrone.kml.moduleloader.DefaultModuleManager - Reached result of first to enabled: false
[KML-Test-1 @coroutine#76] DEBUG de.phyrone.kml.moduleloader.DefaultModuleManager - Reached result of first to enabled: false
[KML-Test-1 @coroutine#77] DEBUG de.phyrone.kml.moduleloader.DefaultModuleManager - Reached result of first to enabled: false
[KML-Test-4 @coroutine#79] DEBUG de.phyrone.kml.moduleloader.DefaultModuleManager - Reached result of first to enabled: false
[KML-Test-1 @coroutine#76] DEBUG de.phyrone.kml.moduleloader.DefaultModuleManager - Reached result of first to enabled: false
[KML-Test-4 @coroutine#77] DEBUG de.phyrone.kml.moduleloader.DefaultModuleManager - Reached result of first to enabled: false
[KML-Test-1 @coroutine#79] DEBUG de.phyrone.kml.moduleloader.DefaultModuleManager - Reached result of first to enabled: false
[KML-Test-4 @coroutine#76] DEBUG de.phyrone.kml.moduleloader.DefaultModuleManager - Reached result of first to enabled: false
[KML-Test-4 @coroutine#79] DEBUG de.phyrone.kml.moduleloader.DefaultModuleManager - Reached result of first to enabled: false
[KML-Test-1 @coroutine#77] DEBUG de.phyrone.kml.moduleloader.DefaultModuleManager - Reached result of first to enabled: false
[KML-Test-1 @coroutine#79] DEBUG de.phyrone.kml.moduleloader.DefaultModuleManager - Reached result of first to enabled: false
[KML-Test-4 @coroutine#76] DEBUG de.phyrone.kml.moduleloader.DefaultModuleManager - Reached result of first to enabled: false
[KML-Test-1 @coroutine#77] DEBUG de.phyrone.kml.moduleloader.DefaultModuleManager - Reached result of first to enabled: false
[KML-Test-4 @coroutine#79] DEBUG de.phyrone.kml.moduleloader.DefaultModuleManager - Reached result of first to enabled: false
[KML-Test-1 @coroutine#76] DEBUG de.phyrone.kml.moduleloader.DefaultModuleManager - Reached result of first to enabled: false
[KML-Test-4 @coroutine#77] DEBUG de.phyrone.kml.moduleloader.DefaultModuleManager - Reached result of first to enabled: false
[KML-Test-1 @coroutine#79] DEBUG de.phyrone.kml.moduleloader.DefaultModuleManager - Reached result of first to enabled: false
[KML-Test-4 @coroutine#76] DEBUG de.phyrone.kml.moduleloader.DefaultModuleManager - Reached result of first to enabled: false
[KML-Test-4 @coroutine#77] DEBUG de.phyrone.kml.moduleloader.DefaultModuleManager - Reached result of first to enabled: false
[KML-Test-1 @coroutine#79] DEBUG de.phyrone.kml.moduleloader.DefaultModuleManager - Reached result of first to enabled: false
[KML-Test-1 @coroutine#76] DEBUG de.phyrone.kml.moduleloader.DefaultModuleManager - Reached result of first to enabled: false
[KML-Test-1 @coroutine#77] DEBUG de.phyrone.kml.moduleloader.DefaultModuleManager - Reached result of first to enabled: false
[KML-Test-4 @coroutine#79] DEBUG de.phyrone.kml.moduleloader.DefaultModuleManager - Reached result of first to enabled: false
[KML-Test-4 @coroutine#76] DEBUG de.phyrone.kml.moduleloader.DefaultModuleManager - Reached result of first to enabled: false
[KML-Test-4 @coroutine#77] DEBUG de.phyrone.kml.moduleloader.DefaultModuleManager - Reached result of first to enabled: false
[KML-Test-1 @coroutine#79] DEBUG de.phyrone.kml.moduleloader.DefaultModuleManager - Reached result of first to enabled: false
[KML-Test-4 @coroutine#76] DEBUG de.phyrone.kml.moduleloader.DefaultModuleManager - Reached result of first to enabled: false
[KML-Test-1 @coroutine#77] DEBUG de.phyrone.kml.moduleloader.DefaultModuleManager - Reached result of first to enabled: false
[KML-Test-4 @coroutine#79] DEBUG de.phyrone.kml.moduleloader.DefaultModuleManager - Reached result of first to enabled: false
[KML-Test-1 @coroutine#76] DEBUG de.phyrone.kml.moduleloader.DefaultModuleManager - Reached result of first to enabled: false
[KML-Test-4 @coroutine#77] DEBUG de.phyrone.kml.moduleloader.DefaultModuleManager - Reached result of first to enabled: false
[KML-Test-4 @coroutine#79] DEBUG de.phyrone.kml.moduleloader.DefaultModuleManager - Reached result of first to enabled: false
[KML-Test-1 @coroutine#76] DEBUG de.phyrone.kml.moduleloader.DefaultModuleManager - Reached result of first to enabled: false
[KML-Test-4 @coroutine#77] DEBUG de.phyrone.kml.moduleloader.DefaultModuleManager - Reached result of first to enabled: false
[KML-Test-4 @coroutine#76] DEBUG de.phyrone.kml.moduleloader.DefaultModuleManager - Reached result of first to enabled: false
[KML-Test-1 @coroutine#79] DEBUG de.phyrone.kml.moduleloader.DefaultModuleManager - Reached result of first to enabled: false
[KML-Test-4 @coroutine#77] DEBUG de.phyrone.kml.moduleloader.DefaultModuleManager - Reached result of first to enabled: false
[KML-Test-1 @coroutine#76] DEBUG de.phyrone.kml.moduleloader.DefaultModuleManager - Reached result of first to enabled: false
[KML-Test-4 @coroutine#79] DEBUG de.phyrone.kml.moduleloader.DefaultModuleManager - Reached result of first to enabled: false
[KML-Test-4 @coroutine#77] DEBUG de.phyrone.kml.moduleloader.DefaultModuleManager - Reached result of first to enabled: false
[KML-Test-1 @coroutine#76] DEBUG de.phyrone.kml.moduleloader.DefaultModuleManager - Reached result of first to enabled: false
[KML-Test-1 @coroutine#79] DEBUG de.phyrone.kml.moduleloader.DefaultModuleManager - Reached result of first to enabled: false
[KML-Test-4 @coroutine#77] DEBUG de.phyrone.kml.moduleloader.DefaultModuleManager - Reached result of first to enabled: false
[KML-Test-4 @coroutine#76] DEBUG de.phyrone.kml.moduleloader.DefaultModuleManager - Reached result of first to enabled: false
[KML-Test-1 @coroutine#79] DEBUG de.phyrone.kml.moduleloader.DefaultModuleManager - Reached result of first to enabled: false
[KML-Test-1 @coroutine#77] DEBUG de.phyrone.kml.moduleloader.DefaultModuleManager - Reached result of first to enabled: false
[KML-Test-4 @coroutine#76] DEBUG de.phyrone.kml.moduleloader.DefaultModuleManager - Reached result of first to enabled: false
[KML-Test-1 @coroutine#79] DEBUG de.phyrone.kml.moduleloader.DefaultModuleManager - Reached result of first to enabled: false
[KML-Test-4 @coroutine#77] DEBUG de.phyrone.kml.moduleloader.DefaultModuleManager - Reached result of first to enabled: false
[KML-Test-1 @coroutine#76] DEBUG de.phyrone.kml.moduleloader.DefaultModuleManager - Reached result of first to enabled: false
[KML-Test-1 @coroutine#79] DEBUG de.phyrone.kml.moduleloader.DefaultModuleManager - Reached result of first to enabled: false
[KML-Test-1 @coroutine#77] DEBUG de.phyrone.kml.moduleloader.DefaultModuleManager - Reached result of first to enabled: false
[KML-Test-1 @coroutine#76] DEBUG de.phyrone.kml.moduleloader.DefaultModuleManager - Reached result of first to enabled: false
[KML-Test-4 @coroutine#79] DEBUG de.phyrone.kml.moduleloader.DefaultModuleManager - Reached result of first to enabled: false
[KML-Test-4 @coroutine#77] DEBUG de.phyrone.kml.moduleloader.DefaultModuleManager - Reached result of first to enabled: false
[KML-Test-1 @coroutine#79] DEBUG de.phyrone.kml.moduleloader.DefaultModuleManager - Reached result of first to enabled: false
[KML-Test-4 @coroutine#76] DEBUG de.phyrone.kml.moduleloader.DefaultModuleManager - Reached result of first to enabled: false
[KML-Test-1 @coroutine#77] DEBUG de.phyrone.kml.moduleloader.DefaultModuleManager - Reached result of first to enabled: false
[KML-Test-4 @coroutine#79] DEBUG de.phyrone.kml.moduleloader.DefaultModuleManager - Reached result of first to enabled: false
[KML-Test-1 @coroutine#76] DEBUG de.phyrone.kml.moduleloader.DefaultModuleManager - Reached result of first to enabled: false
[KML-Test-4 @coroutine#77] DEBUG de.phyrone.kml.moduleloader.DefaultModuleManager - Reached result of first to enabled: false
[KML-Test-1 @coroutine#79] DEBUG de.phyrone.kml.moduleloader.DefaultModuleManager - Reached result of first to enabled: false
[KML-Test-1 @coroutine#76] DEBUG de.phyrone.kml.moduleloader.DefaultModuleManager - Reached result of first to enabled: false
[KML-Test-1 @coroutine#77] DEBUG de.phyrone.kml.moduleloader.DefaultModuleManager - Reached result of first to enabled: false
[KML-Test-1 @coroutine#79] DEBUG de.phyrone.kml.moduleloader.DefaultModuleManager - Reached result of first to enabled: false
[KML-Test-4 @coroutine#76] DEBUG de.phyrone.kml.moduleloader.DefaultModuleManager - Reached result of first to enabled: false
[KML-Test-4 @coroutine#77] DEBUG de.phyrone.kml.moduleloader.DefaultModuleManager - Reached result of first to enabled: false
[KML-Test-4 @coroutine#76] DEBUG de.phyrone.kml.moduleloader.DefaultModuleManager - Reached result of first to enabled: false
[KML-Test-1 @coroutine#77] DEBUG de.phyrone.kml.moduleloader.DefaultModuleManager - Reached result of first to enabled: false
[KML-Test-1 @coroutine#79] DEBUG de.phyrone.kml.moduleloader.DefaultModuleManager - Reached result of first to enabled: false
[KML-Test-4 @coroutine#76] DEBUG de.phyrone.kml.moduleloader.DefaultModuleManager - Reached result of first to enabled: false
[KML-Test-4 @coroutine#77] DEBUG de.phyrone.kml.moduleloader.DefaultModuleManager - Reached result of first to enabled: false
[KML-Test-4 @coroutine#79] DEBUG de.phyrone.kml.moduleloader.DefaultModuleManager - Reached result of first to enabled: false
[KML-Test-4 @coroutine#76] DEBUG de.phyrone.kml.moduleloader.DefaultModuleManager - Reached result of first to enabled: false
[KML-Test-4 @coroutine#77] DEBUG de.phyrone.kml.moduleloader.DefaultModuleManager - Reached result of first to enabled: false
[KML-Test-4 @coroutine#79] DEBUG de.phyrone.kml.moduleloader.DefaultModuleManager - Reached result of first to enabled: false
[KML-Test-1 @coroutine#77] DEBUG de.phyrone.kml.moduleloader.DefaultModuleManager - Reached result of first to enabled: false
[KML-Test-4 @coroutine#76] DEBUG de.phyrone.kml.moduleloader.DefaultModuleManager - Reached result of first to enabled: false
[KML-Test-1 @coroutine#79] DEBUG de.phyrone.kml.moduleloader.DefaultModuleManager - Reached result of first to enabled: false
[KML-Test-1 @coroutine#77] DEBUG de.phyrone.kml.moduleloader.DefaultModuleManager - Reached result of first to enabled: false
[KML-Test-4 @coroutine#76] DEBUG de.phyrone.kml.moduleloader.DefaultModuleManager - Reached result of first to enabled: false
[KML-Test-1 @coroutine#79] DEBUG de.phyrone.kml.moduleloader.DefaultModuleManager - Reached result of first to enabled: false
[KML-Test-1 @coroutine#77] DEBUG de.phyrone.kml.moduleloader.DefaultModuleManager - Reached result of first to enabled: false
[KML-Test-4 @coroutine#76] DEBUG de.phyrone.kml.moduleloader.DefaultModuleManager - Reached result of first to enabled: false
[KML-Test-1 @coroutine#79] DEBUG de.phyrone.kml.moduleloader.DefaultModuleManager - Reached result of first to enabled: false
[KML-Test-1 @coroutine#77] DEBUG de.phyrone.kml.moduleloader.DefaultModuleManager - Reached result of first to enabled: false
[KML-Test-4 @coroutine#76] DEBUG de.phyrone.kml.moduleloader.DefaultModuleManager - Reached result of first to enabled: false
[KML-Test-1 @coroutine#79] DEBUG de.phyrone.kml.moduleloader.DefaultModuleManager - Reached result of first to enabled: false
[KML-Test-4 @coroutine#77] DEBUG de.phyrone.kml.moduleloader.DefaultModuleManager - Reached result of first to enabled: false
[KML-Test-1 @coroutine#76] DEBUG de.phyrone.kml.moduleloader.DefaultModuleManager - Reached result of first to enabled: false
[KML-Test-4 @coroutine#79] DEBUG de.phyrone.kml.moduleloader.DefaultModuleManager - Reached result of first to enabled: false
[KML-Test-1 @coroutine#77] DEBUG de.phyrone.kml.moduleloader.DefaultModuleManager - Reached result of first to enabled: false
[KML-Test-4 @coroutine#76] DEBUG de.phyrone.kml.moduleloader.DefaultModuleManager - Reached result of first to enabled: false
[KML-Test-1 @coroutine#79] DEBUG de.phyrone.kml.moduleloader.DefaultModuleManager - Reached result of first to enabled: false
[KML-Test-4 @coroutine#77] DEBUG de.phyrone.kml.moduleloader.DefaultModuleManager - Reached result of first to enabled: false
[KML-Test-1 @coroutine#76] DEBUG de.phyrone.kml.moduleloader.DefaultModuleManager - Reached result of first to enabled: false
[KML-Test-4 @coroutine#79] DEBUG de.phyrone.kml.moduleloader.DefaultModuleManager - Reached result of first to enabled: false
[KML-Test-4 @coroutine#77] DEBUG de.phyrone.kml.moduleloader.DefaultModuleManager - Reached result of first to enabled: false
[KML-Test-1 @coroutine#76] DEBUG de.phyrone.kml.moduleloader.DefaultModuleManager - Reached result of first to enabled: false
[KML-Test-4 @coroutine#79] DEBUG de.phyrone.kml.moduleloader.DefaultModuleManager - Reached result of first to enabled: false
[KML-Test-1 @coroutine#77] DEBUG de.phyrone.kml.moduleloader.DefaultModuleManager - Reached result of first to enabled: false
[KML-Test-4 @coroutine#76] DEBUG de.phyrone.kml.moduleloader.DefaultModuleManager - Reached result of first to enabled: false
[KML-Test-1 @coroutine#79] DEBUG de.phyrone.kml.moduleloader.DefaultModuleManager - Reached result of first to enabled: false
[KML-Test-1 @coroutine#77] DEBUG de.phyrone.kml.moduleloader.DefaultModuleManager - Reached result of first to enabled: false
[KML-Test-4 @coroutine#76] DEBUG de.phyrone.kml.moduleloader.DefaultModuleManager - Reached result of first to enabled: false
[KML-Test-1 @coroutine#79] DEBUG de.phyrone.kml.moduleloader.DefaultModuleManager - Reached result of first to enabled: false
[KML-Test-1 @coroutine#77] DEBUG de.phyrone.kml.moduleloader.DefaultModuleManager - Reached result of first to enabled: false
[KML-Test-4 @coroutine#76] DEBUG de.phyrone.kml.moduleloader.DefaultModuleManager - Reached result of first to enabled: false
[KML-Test-1 @coroutine#79] DEBUG de.phyrone.kml.moduleloader.DefaultModuleManager - Reached result of first to enabled: false
[KML-Test-1 @coroutine#77] DEBUG de.phyrone.kml.moduleloader.DefaultModuleManager - Reached result of first to enabled: false
[KML-Test-1 @coroutine#76] DEBUG de.phyrone.kml.moduleloader.DefaultModuleManager - Reached result of first to enabled: false
[KML-Test-1 @coroutine#79] DEBUG de.phyrone.kml.moduleloader.DefaultModuleManager - Reached result of first to enabled: false
[KML-Test-1 @coroutine#77] DEBUG de.phyrone.kml.moduleloader.DefaultModuleManager - Reached result of first to enabled: false
[KML-Test-1 @coroutine#76] DEBUG de.phyrone.kml.moduleloader.DefaultModuleManager - Reached result of first to enabled: false
[KML-Test-1 @coroutine#79] DEBUG de.phyrone.kml.moduleloader.DefaultModuleManager - Reached result of first to enabled: false
[KML-Test-1 @coroutine#77] DEBUG de.phyrone.kml.moduleloader.DefaultModuleManager - Reached result of first to enabled: false
[KML-Test-1 @coroutine#76] DEBUG de.phyrone.kml.moduleloader.DefaultModuleManager - Reached result of first to enabled: false
[KML-Test-1 @coroutine#79] DEBUG de.phyrone.kml.moduleloader.DefaultModuleManager - Reached result of first to enabled: false
[KML-Test-4 @coroutine#76] DEBUG de.phyrone.kml.moduleloader.DefaultModuleManager - Reached result of first to enabled: false
[KML-Test-4 @coroutine#79] DEBUG de.phyrone.kml.moduleloader.DefaultModuleManager - Reached result of first to enabled: false
[KML-Test-1 @coroutine#77] DEBUG de.phyrone.kml.moduleloader.DefaultModuleManager - Reached result of first to enabled: false
[KML-Test-4 @coroutine#76] DEBUG de.phyrone.kml.moduleloader.DefaultModuleManager - Reached result of first to enabled: false
[KML-Test-4 @coroutine#79] DEBUG de.phyrone.kml.moduleloader.DefaultModuleManager - Reached result of first to enabled: false
[KML-Test-1 @coroutine#77] DEBUG de.phyrone.kml.moduleloader.DefaultModuleManager - Reached result of first to enabled: false
[KML-Test-4 @coroutine#76] DEBUG de.phyrone.kml.moduleloader.DefaultModuleManager - Reached result of first to enabled: false
[KML-Test-1 @coroutine#79] DEBUG de.phyrone.kml.moduleloader.DefaultModuleManager - Reached result of first to enabled: false
[KML-Test-4 @coroutine#77] DEBUG de.phyrone.kml.moduleloader.DefaultModuleManager - Reached result of first to enabled: false
[KML-Test-4 @coroutine#76] DEBUG de.phyrone.kml.moduleloader.DefaultModuleManager - Reached result of first to enabled: false
[KML-Test-4 @coroutine#79] DEBUG de.phyrone.kml.moduleloader.DefaultModuleManager - Reached result of first to enabled: false
[KML-Test-1 @coroutine#77] DEBUG de.phyrone.kml.moduleloader.DefaultModuleManager - Reached result of first to enabled: false
[KML-Test-4 @coroutine#76] DEBUG de.phyrone.kml.moduleloader.DefaultModuleManager - Reached result of first to enabled: false
[KML-Test-1 @coroutine#79] DEBUG de.phyrone.kml.moduleloader.DefaultModuleManager - Reached result of first to enabled: false
[KML-Test-1 @coroutine#77] DEBUG de.phyrone.kml.moduleloader.DefaultModuleManager - Reached result of first to enabled: false
[KML-Test-4 @coroutine#76] DEBUG de.phyrone.kml.moduleloader.DefaultModuleManager - Reached result of first to enabled: false
[KML-Test-1 @coroutine#79] DEBUG de.phyrone.kml.moduleloader.DefaultModuleManager - Reached result of first to enabled: false
[KML-Test-4 @coroutine#77] DEBUG de.phyrone.kml.moduleloader.DefaultModuleManager - Reached result of first to enabled: false
[KML-Test-1 @coroutine#76] DEBUG de.phyrone.kml.moduleloader.DefaultModuleManager - Reached result of first to enabled: false
[KML-Test-4 @coroutine#79] DEBUG de.phyrone.kml.moduleloader.DefaultModuleManager - Reached result of first to enabled: false
[KML-Test-1 @coroutine#77] DEBUG de.phyrone.kml.moduleloader.DefaultModuleManager - Reached result of first to enabled: false
[KML-Test-1 @coroutine#76] DEBUG de.phyrone.kml.moduleloader.DefaultModuleManager - Reached result of first to enabled: false
[KML-Test-1 @coroutine#79] DEBUG de.phyrone.kml.moduleloader.DefaultModuleManager - Reached result of first to enabled: false
[KML-Test-4 @coroutine#77] DEBUG de.phyrone.kml.moduleloader.DefaultModuleManager - Reached result of first to enabled: false
[KML-Test-4 @coroutine#76] DEBUG de.phyrone.kml.moduleloader.DefaultModuleManager - Reached result of first to enabled: false
[KML-Test-1 @coroutine#79] DEBUG de.phyrone.kml.moduleloader.DefaultModuleManager - Reached result of first to enabled: false
[KML-Test-1 @coroutine#77] DEBUG de.phyrone.kml.moduleloader.DefaultModuleManager - Reached result of first to enabled: false
[KML-Test-1 @coroutine#76] DEBUG de.phyrone.kml.moduleloader.DefaultModuleManager - Reached result of first to enabled: false
[KML-Test-4 @coroutine#79] DEBUG de.phyrone.kml.moduleloader.DefaultModuleManager - Reached result of first to enabled: false
[KML-Test-1 @coroutine#77] DEBUG de.phyrone.kml.moduleloader.DefaultModuleManager - Reached result of first to enabled: false
[KML-Test-4 @coroutine#76] DEBUG de.phyrone.kml.moduleloader.DefaultModuleManager - Reached result of first to enabled: false
[KML-Test-4 @coroutine#77] DEBUG de.phyrone.kml.moduleloader.DefaultModuleManager - Reached result of first to enabled: false
[KML-Test-1 @coroutine#79] DEBUG de.phyrone.kml.moduleloader.DefaultModuleManager - Reached result of first to enabled: false
[KML-Test-4 @coroutine#76] DEBUG de.phyrone.kml.moduleloader.DefaultModuleManager - Reached result of first to enabled: false
[KML-Test-1 @coroutine#77] DEBUG de.phyrone.kml.moduleloader.DefaultModuleManager - Reached result of first to enabled: false
[KML-Test-4 @coroutine#79] DEBUG de.phyrone.kml.moduleloader.DefaultModuleManager - Reached result of first to enabled: false
[KML-Test-1 @coroutine#76] DEBUG de.phyrone.kml.moduleloader.DefaultModuleManager - Reached result of first to enabled: false
[KML-Test-4 @coroutine#77] DEBUG de.phyrone.kml.moduleloader.DefaultModuleManager - Reached result of first to enabled: false
[KML-Test-4 @coroutine#79] DEBUG de.phyrone.kml.moduleloader.DefaultModuleManager - Reached result of first to enabled: false
[...]
[KML-Test-3 @coroutine#79] DEBUG de.phyrone.kml.moduleloader.DefaultModuleManager - Reached result of first to enabled: false
[KML-Test-3 @coroutine#79] DEBUG de.phyrone.kml.moduleloader.DefaultModuleManager - Reached result of first to enabled: false
[KML-Test-3 @coroutine#79] DEBUG de.phyrone.kml.moduleloader.DefaultModuleManager - Reached result of first to enabled: false
[KML-Test-3 @coroutine#79] DEBUG de.phyrone.kml.moduleloader.DefaultModuleManager - Reached result of first to enabled: false
[KML-Test-3 @coroutine#79] DEBUG de.phyrone.kml.moduleloader.DefaultModuleManager - Reached result of first to enabled: false
[KML-Test-4 @coroutine#79] DEBUG de.phyrone.kml.moduleloader.DefaultModuleManager - Reached result of first to enabled: false
[KML-Test-4 @coroutine#79] DEBUG de.phyrone.kml.moduleloader.DefaultModuleManager - Reached result of first to enabled: false
[KML-Test-4 @coroutine#79] DEBUG de.phyrone.kml.moduleloader.DefaultModuleManager - Reached result of first to enabled: false
[KML-Test-4 @coroutine#79] DEBUG de.phyrone.kml.moduleloader.DefaultModuleManager - Reached result of first to enabled: false
[KML-Test-4 @coroutine#79] DEBUG de.phyrone.kml.moduleloader.DefaultModuleManager - Reached result of first to enabled: false
[KML-Test-4 @coroutine#79] DEBUG de.phyrone.kml.moduleloader.DefaultModuleManager - Reached result of first to enabled: false
[KML-Test-4 @coroutine#79] DEBUG de.phyrone.kml.moduleloader.DefaultModuleManager - Reached result of first to enabled: false
[KML-Test-4 @coroutine#79] DEBUG de.phyrone.kml.moduleloader.DefaultModuleManager - Reached result of first to enabled: false
[KML-Test-4 @coroutine#79] DEBUG de.phyrone.kml.moduleloader.DefaultModuleManager - Reached result of first to enabled: false
[KML-Test-4 @coroutine#79] DEBUG de.phyrone.kml.moduleloader.DefaultModuleManager - Reached result of first to enabled: false
[KML-Test-4 @coroutine#79] DEBUG de.phyrone.kml.moduleloader.DefaultModuleManager - Reached result of first to enabled: false
[KML-Test-4 @coroutine#79] DEBUG de.phyrone.kml.moduleloader.DefaultModuleManager - Reached result of first to enabled: false
[KML-Test-4 @coroutine#79] DEBUG de.phyrone.kml.moduleloader.DefaultModuleManager - Reached result of first to enabled: false
[KML-Test-4 @coroutine#79] DEBUG de.phyrone.kml.moduleloader.DefaultModuleManager - Reached result of first to enabled: false
[KML-Test-4 @coroutine#79] DEBUG de.phyrone.kml.moduleloader.DefaultModuleManager - Reached result of first to enabled: false
[KML-Test-1 @coroutine#79] DEBUG de.phyrone.kml.moduleloader.DefaultModuleManager - Reached result of first to enabled: false
[KML-Test-1 @coroutine#79] DEBUG de.phyrone.kml.moduleloader.DefaultModuleManager - Reached result of first to enabled: false
[KML-Test-1 @coroutine#79] DEBUG de.phyrone.kml.moduleloader.DefaultModuleManager - Reached result of first to enabled: false
[KML-Test-1 @coroutine#79] DEBUG de.phyrone.kml.moduleloader.DefaultModuleManager - Reached result of first to enabled: false
[KML-Test-1 @coroutine#79] DEBUG de.phyrone.kml.moduleloader.DefaultModuleManager - Reached result of first to enabled: false
[KML-Test-1 @coroutine#79] DEBUG de.phyrone.kml.moduleloader.DefaultModuleManager - Reached result of first to enabled: false
[KML-Test-1 @coroutine#79] DEBUG de.phyrone.kml.moduleloader.DefaultModuleManager - Reached result of first to enabled: false
[KML-Test-1 @coroutine#79] DEBUG de.phyrone.kml.moduleloader.DefaultModuleManager - Reached result of first to enabled: false
[KML-Test-1 @coroutine#79] DEBUG de.phyrone.kml.moduleloader.DefaultModuleManager - Reached result of first to enabled: false
[KML-Test-1 @coroutine#79] DEBUG de.phyrone.kml.moduleloader.DefaultModuleManager - Reached result of first to enabled: false
[KML-Test-1 @coroutine#79] DEBUG de.phyrone.kml.moduleloader.DefaultModuleManager - Reached result of first to enabled: false
[KML-Test-1 @coroutine#79] DEBUG de.phyrone.kml.moduleloader.DefaultModuleManager - Reached result of first to enabled: false
[KML-Test-1 @coroutine#79] DEBUG de.phyrone.kml.moduleloader.DefaultModuleManager - Reached result of first to enabled: false
[KML-Test-1 @coroutine#79] DEBUG de.phyrone.kml.moduleloader.DefaultModuleManager - Reached result of first to enabled: false
[KML-Test-1 @coroutine#79] DEBUG de.phyrone.kml.moduleloader.DefaultModuleManager - Reached result of first to enabled: false
[KML-Test-2 @coroutine#77] DEBUG de.phyrone.kml.moduleloader.DefaultModuleManager - Module B: change state to TestEnabledState@1e9e54b
[KML-Test-4 @coroutine#79] DEBUG de.phyrone.kml.moduleloader.DefaultModuleManager - Reached result of enabled to enabled: true
[KML-Test-4 @coroutine#79] DEBUG de.phyrone.kml.moduleloader.DefaultModuleManager - Module D: change state to TestEnabledState@1e9e54b
[KML-Test-1 @coroutine#113] DEBUG de.phyrone.kml.moduleloader.DefaultModuleManager - Find path: enabled -> disabled
[KML-Test-2 @coroutine#114] DEBUG de.phyrone.kml.moduleloader.DefaultModuleManager - Find path: enabled -> disabled
[KML-Test-3 @coroutine#115] DEBUG de.phyrone.kml.moduleloader.DefaultModuleManager - Find path: enabled -> disabled
[KML-Test-2 @coroutine#116] DEBUG de.phyrone.kml.moduleloader.DefaultModuleManager - Find path: enabled -> disabled
[KML-Test-2 @coroutine#117] DEBUG de.phyrone.kml.moduleloader.DefaultModuleManager - Find path: enabled -> disabled
[KML-Test-2 @coroutine#118] DEBUG de.phyrone.kml.moduleloader.DefaultModuleManager - Find path: enabled -> disabled
[KML-Test-2 @coroutine#119] DEBUG de.phyrone.kml.moduleloader.DefaultModuleManager - Find path: enabled -> disabled
[KML-Test-3 @coroutine#120] DEBUG de.phyrone.kml.moduleloader.DefaultModuleManager - Find path: enabled -> disabled
[KML-Test-2 @coroutine#121] DEBUG de.phyrone.kml.moduleloader.DefaultModuleManager - Find path: enabled -> disabled
[KML-Test-3 @coroutine#122] DEBUG de.phyrone.kml.moduleloader.DefaultModuleManager - Find path: enabled -> disabled
[KML-Test-2 @coroutine#123] DEBUG de.phyrone.kml.moduleloader.DefaultModuleManager - Find path: enabled -> disabled
[KML-Test-3 @coroutine#124] DEBUG de.phyrone.kml.moduleloader.DefaultModuleManager - Find path: enabled -> disabled
[KML-Test-3 @coroutine#125] DEBUG de.phyrone.kml.moduleloader.DefaultModuleManager - Find path: enabled -> disabled
[KML-Test-3 @coroutine#126] DEBUG de.phyrone.kml.moduleloader.DefaultModuleManager - Find path: enabled -> disabled
[KML-Test-2 @coroutine#133] DEBUG de.phyrone.kml.moduleloader.DefaultModuleManager - Find path: enabled -> disabled
[KML-Test-4 @coroutine#135] DEBUG de.phyrone.kml.moduleloader.DefaultModuleManager - Find path: enabled -> disabled
[KML-Test-2 @coroutine#136] DEBUG de.phyrone.kml.moduleloader.DefaultModuleManager - Find path: enabled -> disabled
[KML-Test-2 @coroutine#138] DEBUG de.phyrone.kml.moduleloader.DefaultModuleManager - Find path: enabled -> disabled
[KML-Test-3 @coroutine#139] DEBUG de.phyrone.kml.moduleloader.DefaultModuleManager - Find path: enabled -> disabled
[KML-Test-1 @coroutine#141] DEBUG de.phyrone.kml.moduleloader.DefaultModuleManager - Find path: enabled -> disabled
[KML-Test-2 @coroutine#142] DEBUG de.phyrone.kml.moduleloader.DefaultModuleManager - Find path: enabled -> disabled
[KML-Test-1 @coroutine#143] DEBUG de.phyrone.kml.moduleloader.DefaultModuleManager - Find path: enabled -> disabled
[KML-Test-1 @coroutine#145] DEBUG de.phyrone.kml.moduleloader.DefaultModuleManager - Find path: enabled -> disabled
[KML-Test-1 @coroutine#146] DEBUG de.phyrone.kml.moduleloader.DefaultModuleManager - Find path: enabled -> disabled
[KML-Test-4 @coroutine#148] DEBUG de.phyrone.kml.moduleloader.DefaultModuleManager - Find path: enabled -> disabled
[KML-Test-3 @coroutine#149] DEBUG de.phyrone.kml.moduleloader.DefaultModuleManager - Find path: enabled -> disabled
[KML-Test-3 @coroutine#150] DEBUG de.phyrone.kml.moduleloader.DefaultModuleManager - Find path: enabled -> disabled
[KML-Test-3 @coroutine#151] DEBUG de.phyrone.kml.moduleloader.DefaultModuleManager - Find path: enabled -> disabled
[KML-Test-3 @coroutine#153] DEBUG de.phyrone.kml.moduleloader.DefaultModuleManager - Find path: enabled -> disabled
[KML-Test-3 @coroutine#154] DEBUG de.phyrone.kml.moduleloader.DefaultModuleManager - Find path: enabled -> disabled
[KML-Test-3 @coroutine#155] DEBUG de.phyrone.kml.moduleloader.DefaultModuleManager - Find path: enabled -> disabled
[KML-Test-3 @coroutine#156] DEBUG de.phyrone.kml.moduleloader.DefaultModuleManager - Find path: enabled -> disabled
[KML-Test-3 @coroutine#158] DEBUG de.phyrone.kml.moduleloader.DefaultModuleManager - Find path: enabled -> disabled
[KML-Test-3 @coroutine#159] DEBUG de.phyrone.kml.moduleloader.DefaultModuleManager - Find path: enabled -> disabled
[KML-Test-3 @coroutine#114] DEBUG de.phyrone.kml.moduleloader.DefaultModuleManager - Path found: enabled -> disabled
[KML-Test-3 @coroutine#114] DEBUG de.phyrone.kml.moduleloader.DefaultModuleManager - Module B: await D reached state disabled
[KML-Test-3 @coroutine#114] DEBUG de.phyrone.kml.moduleloader.DefaultModuleManager - Reached result of enabled to disabled: false
[KML-Test-3 @coroutine#115] DEBUG de.phyrone.kml.moduleloader.DefaultModuleManager - Path found: enabled -> disabled
[KML-Test-2 @coroutine#117] DEBUG de.phyrone.kml.moduleloader.DefaultModuleManager - Path found: enabled -> disabled
[KML-Test-1 @coroutine#118] DEBUG de.phyrone.kml.moduleloader.DefaultModuleManager - Path found: enabled -> disabled
[KML-Test-1 @coroutine#118] DEBUG de.phyrone.kml.moduleloader.DefaultModuleManager - Module F: await A reached state disabled
[KML-Test-1 @coroutine#118] DEBUG de.phyrone.kml.moduleloader.DefaultModuleManager - Reached result of enabled to disabled: false
[KML-Test-2 @coroutine#117] DEBUG de.phyrone.kml.moduleloader.DefaultModuleManager - Module E: change state to TestDisabledState@21cc32e
[KML-Test-3 @coroutine#115] DEBUG de.phyrone.kml.moduleloader.DefaultModuleManager - Module C: change state to TestDisabledState@21cc32e
[KML-Test-3 @coroutine#119] DEBUG de.phyrone.kml.moduleloader.DefaultModuleManager - Path found: enabled -> disabled
[KML-Test-3 @coroutine#119] DEBUG de.phyrone.kml.moduleloader.DefaultModuleManager - Module G: await F reached state disabled
[KML-Test-3 @coroutine#119] DEBUG de.phyrone.kml.moduleloader.DefaultModuleManager - Reached result of enabled to disabled: false
[KML-Test-3 @coroutine#113] DEBUG de.phyrone.kml.moduleloader.DefaultModuleManager - Path found: enabled -> disabled
[KML-Test-3 @coroutine#113] DEBUG de.phyrone.kml.moduleloader.DefaultModuleManager - Module A: await B reached state disabled
[KML-Test-3 @coroutine#113] DEBUG de.phyrone.kml.moduleloader.DefaultModuleManager - Reached result of enabled to disabled: false
[KML-Test-3 @coroutine#116] DEBUG de.phyrone.kml.moduleloader.DefaultModuleManager - Path found: enabled -> disabled
[KML-Test-1 @coroutine#162] DEBUG de.phyrone.kml.moduleloader.DefaultModuleManager - Module I29: change state to TestDisabledState@21cc32e
[KML-Test-4 @coroutine#161] DEBUG de.phyrone.kml.moduleloader.DefaultModuleManager - Module I28: change state to TestDisabledState@21cc32e
[KML-Test-1 @coroutine#120] DEBUG de.phyrone.kml.moduleloader.DefaultModuleManager - Path found: enabled -> disabled
[KML-Test-4 @coroutine#121] DEBUG de.phyrone.kml.moduleloader.DefaultModuleManager - Path found: enabled -> disabled
[KML-Test-2 @coroutine#164] DEBUG de.phyrone.kml.moduleloader.DefaultModuleManager - Module I30: change state to TestDisabledState@21cc32e
[KML-Test-3 @coroutine#116] DEBUG de.phyrone.kml.moduleloader.DefaultModuleManager - Module D: change state to TestDisabledState@21cc32e
[KML-Test-3 @coroutine#125] DEBUG de.phyrone.kml.moduleloader.DefaultModuleManager - Path found: enabled -> disabled
[KML-Test-2 @coroutine#126] DEBUG de.phyrone.kml.moduleloader.DefaultModuleManager - Path found: enabled -> disabled
[KML-Test-4 @coroutine#121] DEBUG de.phyrone.kml.moduleloader.DefaultModuleManager - Module I2: change state to TestDisabledState@21cc32e
[KML-Test-1 @coroutine#120] DEBUG de.phyrone.kml.moduleloader.DefaultModuleManager - Module I1: change state to TestDisabledState@21cc32e
[KML-Test-1 @coroutine#122] DEBUG de.phyrone.kml.moduleloader.DefaultModuleManager - Path found: enabled -> disabled
[KML-Test-4 @coroutine#123] DEBUG de.phyrone.kml.moduleloader.DefaultModuleManager - Path found: enabled -> disabled
[KML-Test-3 @coroutine#125] DEBUG de.phyrone.kml.moduleloader.DefaultModuleManager - Module I6: change state to TestDisabledState@21cc32e
[KML-Test-3 @coroutine#124] DEBUG de.phyrone.kml.moduleloader.DefaultModuleManager - Path found: enabled -> disabled
[KML-Test-2 @coroutine#126] DEBUG de.phyrone.kml.moduleloader.DefaultModuleManager - Module I7: change state to TestDisabledState@21cc32e
[KML-Test-2 @coroutine#114] DEBUG de.phyrone.kml.moduleloader.DefaultModuleManager - Reached result of disabled to disabled: true
[KML-Test-4 @coroutine#123] DEBUG de.phyrone.kml.moduleloader.DefaultModuleManager - Module I4: change state to TestDisabledState@21cc32e
[KML-Test-4 @coroutine#118] DEBUG de.phyrone.kml.moduleloader.DefaultModuleManager - Reached result of enabled to disabled: false
[KML-Test-1 @coroutine#122] DEBUG de.phyrone.kml.moduleloader.DefaultModuleManager - Module I3: change state to TestDisabledState@21cc32e
[KML-Test-4 @coroutine#133] DEBUG de.phyrone.kml.moduleloader.DefaultModuleManager - Path found: enabled -> disabled
[KML-Test-1 @coroutine#135] DEBUG de.phyrone.kml.moduleloader.DefaultModuleManager - Path found: enabled -> disabled
[KML-Test-3 @coroutine#124] DEBUG de.phyrone.kml.moduleloader.DefaultModuleManager - Module I5: change state to TestDisabledState@21cc32e
[KML-Test-3 @coroutine#136] DEBUG de.phyrone.kml.moduleloader.DefaultModuleManager - Path found: enabled -> disabled
[KML-Test-2 @coroutine#114] DEBUG de.phyrone.kml.moduleloader.DefaultModuleManager - Module B: change state to TestDisabledState@21cc32e
[KML-Test-2 @coroutine#139] DEBUG de.phyrone.kml.moduleloader.DefaultModuleManager - Path found: enabled -> disabled
[KML-Test-4 @coroutine#133] DEBUG de.phyrone.kml.moduleloader.DefaultModuleManager - Module I8: change state to TestDisabledState@21cc32e
[KML-Test-4 @coroutine#138] DEBUG de.phyrone.kml.moduleloader.DefaultModuleManager - Path found: enabled -> disabled
[KML-Test-1 @coroutine#135] DEBUG de.phyrone.kml.moduleloader.DefaultModuleManager - Module I9: change state to TestDisabledState@21cc32e
[KML-Test-1 @coroutine#119] DEBUG de.phyrone.kml.moduleloader.DefaultModuleManager - Reached result of enabled to disabled: false
[KML-Test-1 @coroutine#113] DEBUG de.phyrone.kml.moduleloader.DefaultModuleManager - Reached result of disabled to disabled: true
[KML-Test-3 @coroutine#136] DEBUG de.phyrone.kml.moduleloader.DefaultModuleManager - Module I10: change state to TestDisabledState@21cc32e
[KML-Test-3 @coroutine#142] DEBUG de.phyrone.kml.moduleloader.DefaultModuleManager - Path found: enabled -> disabled
[KML-Test-2 @coroutine#139] DEBUG de.phyrone.kml.moduleloader.DefaultModuleManager - Module I12: change state to TestDisabledState@21cc32e
[KML-Test-2 @coroutine#143] DEBUG de.phyrone.kml.moduleloader.DefaultModuleManager - Path found: enabled -> disabled
[KML-Test-4 @coroutine#138] DEBUG de.phyrone.kml.moduleloader.DefaultModuleManager - Module I11: change state to TestDisabledState@21cc32e
[KML-Test-4 @coroutine#145] DEBUG de.phyrone.kml.moduleloader.DefaultModuleManager - Path found: enabled -> disabled
[KML-Test-1 @coroutine#113] DEBUG de.phyrone.kml.moduleloader.DefaultModuleManager - Module A: change state to TestDisabledState@21cc32e
[KML-Test-1 @coroutine#146] DEBUG de.phyrone.kml.moduleloader.DefaultModuleManager - Path found: enabled -> disabled
[KML-Test-3 @coroutine#142] DEBUG de.phyrone.kml.moduleloader.DefaultModuleManager - Module I14: change state to TestDisabledState@21cc32e
[KML-Test-3 @coroutine#141] DEBUG de.phyrone.kml.moduleloader.DefaultModuleManager - Path found: enabled -> disabled
[KML-Test-2 @coroutine#143] DEBUG de.phyrone.kml.moduleloader.DefaultModuleManager - Module I15: change state to TestDisabledState@21cc32e
[KML-Test-2 @coroutine#149] DEBUG de.phyrone.kml.moduleloader.DefaultModuleManager - Path found: enabled -> disabled
[KML-Test-4 @coroutine#145] DEBUG de.phyrone.kml.moduleloader.DefaultModuleManager - Module I16: change state to TestDisabledState@21cc32e
[KML-Test-4 @coroutine#150] DEBUG de.phyrone.kml.moduleloader.DefaultModuleManager - Path found: enabled -> disabled
[KML-Test-1 @coroutine#146] DEBUG de.phyrone.kml.moduleloader.DefaultModuleManager - Module I17: change state to TestDisabledState@21cc32e
[KML-Test-1 @coroutine#148] DEBUG de.phyrone.kml.moduleloader.DefaultModuleManager - Path found: enabled -> disabled
[KML-Test-3 @coroutine#141] DEBUG de.phyrone.kml.moduleloader.DefaultModuleManager - Module I13: change state to TestDisabledState@21cc32e
[KML-Test-3 @coroutine#151] DEBUG de.phyrone.kml.moduleloader.DefaultModuleManager - Path found: enabled -> disabled
[KML-Test-2 @coroutine#149] DEBUG de.phyrone.kml.moduleloader.DefaultModuleManager - Module I19: change state to TestDisabledState@21cc32e
[KML-Test-2 @coroutine#153] DEBUG de.phyrone.kml.moduleloader.DefaultModuleManager - Path found: enabled -> disabled
[KML-Test-4 @coroutine#150] DEBUG de.phyrone.kml.moduleloader.DefaultModuleManager - Module I20: change state to TestDisabledState@21cc32e
[KML-Test-4 @coroutine#155] DEBUG de.phyrone.kml.moduleloader.DefaultModuleManager - Path found: enabled -> disabled
[KML-Test-1 @coroutine#148] DEBUG de.phyrone.kml.moduleloader.DefaultModuleManager - Module I18: change state to TestDisabledState@21cc32e
[KML-Test-1 @coroutine#156] DEBUG de.phyrone.kml.moduleloader.DefaultModuleManager - Path found: enabled -> disabled
[KML-Test-3 @coroutine#151] DEBUG de.phyrone.kml.moduleloader.DefaultModuleManager - Module I21: change state to TestDisabledState@21cc32e
[KML-Test-3 @coroutine#154] DEBUG de.phyrone.kml.moduleloader.DefaultModuleManager - Path found: enabled -> disabled
[KML-Test-2 @coroutine#153] DEBUG de.phyrone.kml.moduleloader.DefaultModuleManager - Module I22: change state to TestDisabledState@21cc32e
[KML-Test-2 @coroutine#158] DEBUG de.phyrone.kml.moduleloader.DefaultModuleManager - Path found: enabled -> disabled
[KML-Test-4 @coroutine#155] DEBUG de.phyrone.kml.moduleloader.DefaultModuleManager - Module I24: change state to TestDisabledState@21cc32e
[KML-Test-4 @coroutine#159] DEBUG de.phyrone.kml.moduleloader.DefaultModuleManager - Path found: enabled -> disabled
[KML-Test-1 @coroutine#156] DEBUG de.phyrone.kml.moduleloader.DefaultModuleManager - Module I25: change state to TestDisabledState@21cc32e
[KML-Test-1 @coroutine#118] DEBUG de.phyrone.kml.moduleloader.DefaultModuleManager - Reached result of disabled to disabled: true
[KML-Test-3 @coroutine#154] DEBUG de.phyrone.kml.moduleloader.DefaultModuleManager - Module I23: change state to TestDisabledState@21cc32e
[KML-Test-3 @coroutine#119] DEBUG de.phyrone.kml.moduleloader.DefaultModuleManager - Reached result of enabled to disabled: false
[KML-Test-2 @coroutine#158] DEBUG de.phyrone.kml.moduleloader.DefaultModuleManager - Module I26: change state to TestDisabledState@21cc32e
[KML-Test-3 @coroutine#119] DEBUG de.phyrone.kml.moduleloader.DefaultModuleManager - Reached result of enabled to disabled: false
[KML-Test-4 @coroutine#159] DEBUG de.phyrone.kml.moduleloader.DefaultModuleManager - Module I27: change state to TestDisabledState@21cc32e
[KML-Test-1 @coroutine#118] DEBUG de.phyrone.kml.moduleloader.DefaultModuleManager - Module F: change state to TestDisabledState@21cc32e
[KML-Test-3 @coroutine#119] DEBUG de.phyrone.kml.moduleloader.DefaultModuleManager - Reached result of disabled to disabled: true
[KML-Test-3 @coroutine#119] DEBUG de.phyrone.kml.moduleloader.DefaultModuleManager - Module G: change state to TestDisabledState@21cc32e
]]></system-err>
</testsuite>
